2025-06-29 10:29:47.737 [restartedMain] INFO  com.civiguard.CiviGuardApplication:50 - Starting CiviGuardApplication using Java 21 with PID 3830 (/home/ashish/Videos/civiguard-nexus-ui-main/backend/target/classes started by ashish in /home/ashish/Videos/civiguard-nexus-ui-main)
2025-06-29 10:29:47.844 [restartedMain] DEBUG com.civiguard.CiviGuardApplication:51 - Running with Spring Boot v3.3.0, Spring v6.1.8
2025-06-29 10:29:47.862 [restartedMain] INFO  com.civiguard.CiviGuardApplication:660 - The following 1 profile is active: "dev"
2025-06-29 10:29:48.299 [restartedMain] INFO  o.s.b.d.e.DevToolsPropertyDefaultsPostProcessor:252 - Devtools property defaults active! Set 'spring.devtools.add-properties' to 'false' to disable
2025-06-29 10:29:48.302 [restartedMain] INFO  o.s.b.d.e.DevToolsPropertyDefaultsPostProcessor:252 - For additional web related logging consider setting the 'logging.level.web' property to 'DEBUG'
2025-06-29 10:29:52.672 [restartedMain] INFO  o.s.d.r.c.RepositoryConfigurationDelegate:143 - Bootstrapping Spring Data JPA repositories in DEFAULT mode.
2025-06-29 10:29:52.992 [restartedMain] INFO  o.s.d.r.c.RepositoryConfigurationDelegate:211 - Finished Spring Data repository scanning in 302 ms. Found 15 JPA repository interfaces.
2025-06-29 10:29:55.766 [restartedMain] INFO  o.s.b.w.e.tomcat.TomcatWebServer:111 - Tomcat initialized with port 8080 (http)
2025-06-29 10:29:55.789 [restartedMain] INFO  o.a.catalina.core.StandardService:173 - Starting service [Tomcat]
2025-06-29 10:29:55.790 [restartedMain] INFO  o.a.catalina.core.StandardEngine:173 - Starting Servlet engine: [Apache Tomcat/10.1.24]
2025-06-29 10:29:55.910 [restartedMain] INFO  o.a.c.c.C.[.[localhost].[/api]:173 - Initializing Spring embedded WebApplicationContext
2025-06-29 10:29:55.911 [restartedMain] INFO  o.s.b.w.s.c.ServletWebServerApplicationContext:296 - Root WebApplicationContext: initialization completed in 7599 ms
2025-06-29 10:29:56.886 [restartedMain] INFO  o.h.jpa.internal.util.LogHelper:31 - HHH000204: Processing PersistenceUnitInfo [name: default]
2025-06-29 10:29:57.007 [restartedMain] INFO  org.hibernate.Version:44 - HHH000412: Hibernate ORM core version 6.5.2.Final
2025-06-29 10:29:57.078 [restartedMain] INFO  o.h.c.i.RegionFactoryInitiator:50 - HHH000026: Second-level cache disabled
2025-06-29 10:29:57.644 [restartedMain] INFO  o.s.o.j.p.SpringPersistenceUnitInfo:87 - No LoadTimeWeaver setup: ignoring JPA class transformer
2025-06-29 10:29:57.728 [restartedMain] INFO  com.zaxxer.hikari.HikariDataSource:109 - HikariPool-1 - Starting...
2025-06-29 10:29:58.870 [restartedMain] INFO  com.zaxxer.hikari.pool.HikariPool:554 - HikariPool-1 - Added connection org.postgresql.jdbc.PgConnection@4b7b69d0
2025-06-29 10:29:58.875 [restartedMain] INFO  com.zaxxer.hikari.HikariDataSource:122 - HikariPool-1 - Start completed.
2025-06-29 10:29:58.955 [restartedMain] WARN  org.hibernate.orm.deprecation:153 - HHH90000025: PostgreSQLDialect does not need to be specified explicitly using 'hibernate.dialect' (remove the property setting and it will be selected by default)
2025-06-29 10:30:04.503 [restartedMain] INFO  o.h.e.t.j.p.i.JtaPlatformInitiator:59 - HHH000489: No JTA platform available (set 'hibernate.transaction.jta.platform' to enable JTA platform integration)
2025-06-29 10:30:05.638 [restartedMain] INFO  o.s.o.j.LocalContainerEntityManagerFactoryBean:437 - Initialized JPA EntityManagerFactory for persistence unit 'default'
2025-06-29 10:30:06.934 [restartedMain] DEBUG c.c.security.JwtAuthenticationFilter:240 - Filter 'jwtAuthenticationFilter' configured for use
2025-06-29 10:30:07.690 [restartedMain] INFO  o.s.d.j.r.query.QueryEnhancerFactory:49 - Hibernate is in classpath; If applicable, HQL parser will be used.
2025-06-29 10:30:14.944 [restartedMain] INFO  o.s.b.a.e.web.EndpointLinksResolver:60 - Exposing 3 endpoints beneath base path '/actuator'
2025-06-29 10:30:16.827 [restartedMain] INFO  o.s.b.w.e.tomcat.TomcatWebServer:243 - Tomcat started on port 8080 (http) with context path '/api'
2025-06-29 10:30:16.832 [restartedMain] INFO  o.s.m.s.b.SimpleBrokerMessageHandler:117 - Starting...
2025-06-29 10:30:16.834 [restartedMain] INFO  o.s.m.s.b.SimpleBrokerMessageHandler:117 - BrokerAvailabilityEvent[available=true, SimpleBrokerMessageHandler [org.springframework.messaging.simp.broker.DefaultSubscriptionRegistry@be183d9]]
2025-06-29 10:30:16.836 [restartedMain] INFO  o.s.m.s.b.SimpleBrokerMessageHandler:117 - Started.
2025-06-29 10:30:16.883 [restartedMain] INFO  com.civiguard.CiviGuardApplication:56 - Started CiviGuardApplication in 30.695 seconds (process running for 32.161)
2025-06-29 10:30:16.921 [restartedMain] INFO  c.c.bootstrap.InitialDataLoader:54 - Starting data initialization...
2025-06-29 10:30:17.109 [restartedMain] INFO  c.c.bootstrap.InitialDataLoader:94 - Users already exist, skipping user creation
2025-06-29 10:30:17.446 [restartedMain] INFO  c.c.bootstrap.InitialDataLoader:193 - System components already exist, skipping system component creation
2025-06-29 10:30:17.490 [restartedMain] INFO  c.c.bootstrap.InitialDataLoader:216 - Officers already exist, skipping officer creation
2025-06-29 10:30:17.813 [restartedMain] INFO  c.c.bootstrap.InitialDataLoader:1220 - Reports already exist, skipping report creation
2025-06-29 10:30:17.912 [restartedMain] INFO  c.c.bootstrap.InitialDataLoader:501 - Incidents already exist, skipping incident creation
2025-06-29 10:30:17.962 [restartedMain] INFO  c.c.bootstrap.InitialDataLoader:706 - Alerts already exist, skipping alert creation
2025-06-29 10:30:18.006 [restartedMain] INFO  c.c.bootstrap.InitialDataLoader:765 - Disaster alerts already exist, skipping disaster alert creation
2025-06-29 10:30:18.062 [restartedMain] INFO  c.c.bootstrap.InitialDataLoader:834 - Geofences already exist, skipping geofence creation
2025-06-29 10:30:18.128 [restartedMain] INFO  c.c.bootstrap.InitialDataLoader:957 - Patrol vehicles already exist, skipping patrol vehicle creation
2025-06-29 10:30:18.243 [restartedMain] INFO  c.c.bootstrap.InitialDataLoader:906 - Patrol routes already exist, skipping patrol route creation
2025-06-29 10:30:18.247 [restartedMain] INFO  c.c.bootstrap.InitialDataLoader:1121 - Creating weather data...
2025-06-29 10:30:18.298 [restartedMain] INFO  c.c.bootstrap.InitialDataLoader:1123 - Weather data already exist, skipping weather data creation
2025-06-29 10:30:18.314 [restartedMain] INFO  c.c.bootstrap.InitialDataLoader:1009 - Shifts already exist, skipping sample data creation
2025-06-29 10:30:18.315 [restartedMain] INFO  c.c.bootstrap.InitialDataLoader:89 - Data initialization completed successfully!
2025-06-29 10:30:19.347 [MessageBroker-1] DEBUG c.c.controller.WebSocketController:76 - Pushed system metrics to WebSocket subscribers
2025-06-29 10:30:23.935 [MessageBroker-1] DEBUG c.c.controller.WebSocketController:76 - Pushed system metrics to WebSocket subscribers
2025-06-29 10:30:29.306 [MessageBroker-1] DEBUG c.c.controller.WebSocketController:76 - Pushed system metrics to WebSocket subscribers
2025-06-29 10:30:33.904 [MessageBroker-1] DEBUG c.c.controller.WebSocketController:76 - Pushed system metrics to WebSocket subscribers
2025-06-29 10:30:43.098 [MessageBroker-1] DEBUG c.c.controller.WebSocketController:76 - Pushed system metrics to WebSocket subscribers
2025-06-29 10:30:45.119 [MessageBroker-1] DEBUG c.c.controller.WebSocketController:76 - Pushed system metrics to WebSocket subscribers
2025-06-29 10:30:51.750 [MessageBroker-1] DEBUG c.c.controller.WebSocketController:76 - Pushed system metrics to WebSocket subscribers
2025-06-29 10:30:53.904 [MessageBroker-1] DEBUG c.c.controller.WebSocketController:76 - Pushed system metrics to WebSocket subscribers
2025-06-29 10:30:59.587 [MessageBroker-1] DEBUG c.c.controller.WebSocketController:76 - Pushed system metrics to WebSocket subscribers
2025-06-29 10:31:03.915 [MessageBroker-1] DEBUG c.c.controller.WebSocketController:76 - Pushed system metrics to WebSocket subscribers
2025-06-29 10:31:09.123 [MessageBroker-1] DEBUG c.c.controller.WebSocketController:76 - Pushed system metrics to WebSocket subscribers
2025-06-29 10:31:13.973 [MessageBroker-3] DEBUG c.c.controller.WebSocketController:76 - Pushed system metrics to WebSocket subscribers
2025-06-29 10:31:16.738 [MessageBroker-4] INFO  o.s.w.s.c.WebSocketMessageBrokerStats:154 - WebSocketSession[0 current WS(0)-HttpStream(0)-HttpPoll(0), 0 total, 0 closed abnormally (0 connect failure, 0 send limit, 0 transport error)], stompSubProtocol[processed CONNECT(0)-CONNECTED(0)-DISCONNECT(0)], stompBrokerRelay[null], inboundChannel[pool size = 0, active threads = 0, queued tasks = 0, completed tasks = 0], outboundChannel[pool size = 0, active threads = 0, queued tasks = 0, completed tasks = 0], sockJsScheduler[pool size = 4, active threads = 1, queued tasks = 2, completed tasks = 24]
2025-06-29 10:31:34.924 [MessageBroker-1] DEBUG c.c.controller.WebSocketController:76 - Pushed system metrics to WebSocket subscribers
2025-06-29 10:31:36.944 [MessageBroker-1] DEBUG c.c.controller.WebSocketController:76 - Pushed system metrics to WebSocket subscribers
2025-06-29 10:31:38.959 [MessageBroker-1] DEBUG c.c.controller.WebSocketController:76 - Pushed system metrics to WebSocket subscribers
2025-06-29 10:31:41.548 [MessageBroker-1] DEBUG c.c.controller.WebSocketController:76 - Pushed system metrics to WebSocket subscribers
2025-06-29 10:31:43.581 [MessageBroker-1] DEBUG c.c.controller.WebSocketController:76 - Pushed system metrics to WebSocket subscribers
2025-06-29 10:31:45.602 [MessageBroker-1] DEBUG c.c.controller.WebSocketController:76 - Pushed system metrics to WebSocket subscribers
2025-06-29 10:31:57.401 [MessageBroker-1] DEBUG c.c.controller.WebSocketController:76 - Pushed system metrics to WebSocket subscribers
2025-06-29 10:31:59.422 [MessageBroker-1] DEBUG c.c.controller.WebSocketController:76 - Pushed system metrics to WebSocket subscribers
2025-06-29 10:32:01.441 [MessageBroker-1] DEBUG c.c.controller.WebSocketController:76 - Pushed system metrics to WebSocket subscribers
2025-06-29 10:32:04.027 [MessageBroker-1] DEBUG c.c.controller.WebSocketController:76 - Pushed system metrics to WebSocket subscribers
2025-06-29 10:32:08.922 [MessageBroker-3] DEBUG c.c.controller.WebSocketController:76 - Pushed system metrics to WebSocket subscribers
2025-06-29 10:32:28.468 [MessageBroker-3] DEBUG c.c.controller.WebSocketController:76 - Pushed system metrics to WebSocket subscribers
2025-06-29 10:32:30.505 [MessageBroker-4] DEBUG c.c.controller.WebSocketController:76 - Pushed system metrics to WebSocket subscribers
2025-06-29 10:32:32.522 [MessageBroker-4] DEBUG c.c.controller.WebSocketController:76 - Pushed system metrics to WebSocket subscribers
2025-06-29 10:32:34.982 [MessageBroker-4] DEBUG c.c.controller.WebSocketController:76 - Pushed system metrics to WebSocket subscribers
2025-06-29 10:32:37.001 [MessageBroker-2] DEBUG c.c.controller.WebSocketController:76 - Pushed system metrics to WebSocket subscribers
2025-06-29 10:32:39.033 [MessageBroker-2] DEBUG c.c.controller.WebSocketController:76 - Pushed system metrics to WebSocket subscribers
2025-06-29 10:32:44.018 [MessageBroker-3] DEBUG c.c.controller.WebSocketController:76 - Pushed system metrics to WebSocket subscribers
2025-06-29 10:32:48.917 [MessageBroker-3] DEBUG c.c.controller.WebSocketController:76 - Pushed system metrics to WebSocket subscribers
2025-06-29 10:32:54.027 [MessageBroker-4] DEBUG c.c.controller.WebSocketController:76 - Pushed system metrics to WebSocket subscribers
2025-06-29 10:32:58.905 [MessageBroker-2] DEBUG c.c.controller.WebSocketController:76 - Pushed system metrics to WebSocket subscribers
2025-06-29 10:33:01.585 [http-nio-8080-exec-1] INFO  o.a.c.c.C.[.[localhost].[/api]:173 - Initializing Spring DispatcherServlet 'dispatcherServlet'
2025-06-29 10:33:01.586 [http-nio-8080-exec-1] INFO  o.s.web.servlet.DispatcherServlet:532 - Initializing Servlet 'dispatcherServlet'
2025-06-29 10:33:01.593 [http-nio-8080-exec-1] INFO  o.s.web.servlet.DispatcherServlet:554 - Completed initialization in 4 ms
2025-06-29 10:33:03.759 [http-nio-8080-exec-2] INFO  c.c.controller.IncidentController:121 - Fetching all incidents with filters: type=null, status=null, priority=null, district=null, startDate=null, endDate=null
2025-06-29 10:33:03.770 [http-nio-8080-exec-3] INFO  c.c.controller.IncidentController:121 - Fetching all incidents with filters: type=null, status=null, priority=null, district=null, startDate=null, endDate=null
2025-06-29 10:33:03.781 [http-nio-8080-exec-3] WARN  org.hibernate.orm.query:86 - HHH90003004: firstResult/maxResults specified with collection fetch; applying in memory
2025-06-29 10:33:03.788 [http-nio-8080-exec-2] WARN  org.hibernate.orm.query:86 - HHH90003004: firstResult/maxResults specified with collection fetch; applying in memory
2025-06-29 10:33:04.232 [MessageBroker-3] DEBUG c.c.controller.WebSocketController:76 - Pushed system metrics to WebSocket subscribers
2025-06-29 10:33:04.320 [http-nio-8080-exec-4] WARN  o.s.d.w.c.SpringDataJacksonConfiguration$PageModule$PlainPageSerializationWarning:151 - Serializing PageImpl instances as-is is not supported, meaning that there is no guarantee about the stability of the resulting JSON structure!
	For a stable JSON structure, please use Spring Data's PagedModel (globally via @EnableSpringDataWebSupport(pageSerializationMode = VIA_DTO))
	or Spring HATEOAS and Spring Data's PagedResourcesAssembler as documented in https://docs.spring.io/spring-data/commons/reference/repositories/core-extensions.html#core.web.pageables.

2025-06-29 10:33:07.023 [http-nio-8080-exec-1] INFO  c.c.controller.IncidentController:121 - Fetching all incidents with filters: type=null, status=null, priority=null, district=null, startDate=null, endDate=null
2025-06-29 10:33:07.037 [http-nio-8080-exec-6] INFO  c.c.controller.IncidentController:121 - Fetching all incidents with filters: type=null, status=null, priority=null, district=null, startDate=null, endDate=null
2025-06-29 10:33:07.039 [http-nio-8080-exec-1] WARN  org.hibernate.orm.query:86 - HHH90003004: firstResult/maxResults specified with collection fetch; applying in memory
2025-06-29 10:33:07.057 [http-nio-8080-exec-6] WARN  org.hibernate.orm.query:86 - HHH90003004: firstResult/maxResults specified with collection fetch; applying in memory
2025-06-29 10:33:08.945 [MessageBroker-3] DEBUG c.c.controller.WebSocketController:76 - Pushed system metrics to WebSocket subscribers
2025-06-29 10:33:14.063 [MessageBroker-2] DEBUG c.c.controller.WebSocketController:76 - Pushed system metrics to WebSocket subscribers
2025-06-29 10:33:16.487 [http-nio-8080-exec-10] INFO  c.c.controller.IncidentController:121 - Fetching all incidents with filters: type=null, status=null, priority=null, district=null, startDate=null, endDate=null
2025-06-29 10:33:16.490 [http-nio-8080-exec-10] WARN  org.hibernate.orm.query:86 - HHH90003004: firstResult/maxResults specified with collection fetch; applying in memory
2025-06-29 10:33:18.971 [MessageBroker-3] DEBUG c.c.controller.WebSocketController:76 - Pushed system metrics to WebSocket subscribers
2025-06-29 10:33:27.167 [MessageBroker-1] DEBUG c.c.controller.WebSocketController:76 - Pushed system metrics to WebSocket subscribers
2025-06-29 10:33:29.190 [MessageBroker-1] DEBUG c.c.controller.WebSocketController:76 - Pushed system metrics to WebSocket subscribers
2025-06-29 10:33:44.769 [MessageBroker-1] DEBUG c.c.controller.WebSocketController:76 - Pushed system metrics to WebSocket subscribers
2025-06-29 10:33:46.789 [MessageBroker-2] DEBUG c.c.controller.WebSocketController:76 - Pushed system metrics to WebSocket subscribers
2025-06-29 10:33:48.818 [MessageBroker-2] DEBUG c.c.controller.WebSocketController:76 - Pushed system metrics to WebSocket subscribers
2025-06-29 10:33:53.326 [MessageBroker-2] DEBUG c.c.controller.WebSocketController:76 - Pushed system metrics to WebSocket subscribers
2025-06-29 10:33:55.353 [MessageBroker-2] DEBUG c.c.controller.WebSocketController:76 - Pushed system metrics to WebSocket subscribers
2025-06-29 10:34:01.740 [MessageBroker-4] DEBUG c.c.controller.WebSocketController:76 - Pushed system metrics to WebSocket subscribers
2025-06-29 10:34:03.913 [MessageBroker-4] DEBUG c.c.controller.WebSocketController:76 - Pushed system metrics to WebSocket subscribers
2025-06-29 10:34:09.144 [MessageBroker-3] DEBUG c.c.controller.WebSocketController:76 - Pushed system metrics to WebSocket subscribers
2025-06-29 10:34:13.903 [MessageBroker-2] DEBUG c.c.controller.WebSocketController:76 - Pushed system metrics to WebSocket subscribers
2025-06-29 10:34:22.605 [MessageBroker-4] DEBUG c.c.controller.WebSocketController:76 - Pushed system metrics to WebSocket subscribers
2025-06-29 10:34:24.629 [MessageBroker-4] DEBUG c.c.controller.WebSocketController:76 - Pushed system metrics to WebSocket subscribers
2025-06-29 10:34:29.937 [MessageBroker-4] DEBUG c.c.controller.WebSocketController:76 - Pushed system metrics to WebSocket subscribers
2025-06-29 10:34:33.914 [MessageBroker-4] DEBUG c.c.controller.WebSocketController:76 - Pushed system metrics to WebSocket subscribers
2025-06-29 10:34:39.501 [MessageBroker-1] DEBUG c.c.controller.WebSocketController:76 - Pushed system metrics to WebSocket subscribers
2025-06-29 10:34:43.927 [MessageBroker-1] DEBUG c.c.controller.WebSocketController:76 - Pushed system metrics to WebSocket subscribers
2025-06-29 10:34:48.931 [MessageBroker-2] DEBUG c.c.controller.WebSocketController:76 - Pushed system metrics to WebSocket subscribers
2025-06-29 10:34:53.943 [MessageBroker-1] DEBUG c.c.controller.WebSocketController:76 - Pushed system metrics to WebSocket subscribers
2025-06-29 10:35:03.587 [MessageBroker-3] DEBUG c.c.controller.WebSocketController:76 - Pushed system metrics to WebSocket subscribers
2025-06-29 10:35:05.609 [MessageBroker-3] DEBUG c.c.controller.WebSocketController:76 - Pushed system metrics to WebSocket subscribers
2025-06-29 10:35:14.830 [MessageBroker-3] DEBUG c.c.controller.WebSocketController:76 - Pushed system metrics to WebSocket subscribers
2025-06-29 10:35:16.868 [MessageBroker-3] DEBUG c.c.controller.WebSocketController:76 - Pushed system metrics to WebSocket subscribers
2025-06-29 10:35:18.939 [MessageBroker-3] DEBUG c.c.controller.WebSocketController:76 - Pushed system metrics to WebSocket subscribers
2025-06-29 10:35:26.579 [MessageBroker-2] DEBUG c.c.controller.WebSocketController:76 - Pushed system metrics to WebSocket subscribers
2025-06-29 10:35:28.900 [MessageBroker-2] DEBUG c.c.controller.WebSocketController:76 - Pushed system metrics to WebSocket subscribers
2025-06-29 10:35:38.475 [MessageBroker-3] DEBUG c.c.controller.WebSocketController:76 - Pushed system metrics to WebSocket subscribers
2025-06-29 10:35:40.498 [MessageBroker-3] DEBUG c.c.controller.WebSocketController:76 - Pushed system metrics to WebSocket subscribers
2025-06-29 10:35:44.063 [MessageBroker-3] DEBUG c.c.controller.WebSocketController:76 - Pushed system metrics to WebSocket subscribers
2025-06-29 10:35:48.911 [MessageBroker-1] DEBUG c.c.controller.WebSocketController:76 - Pushed system metrics to WebSocket subscribers
2025-06-29 10:35:54.108 [MessageBroker-3] DEBUG c.c.controller.WebSocketController:76 - Pushed system metrics to WebSocket subscribers
2025-06-29 10:35:58.925 [MessageBroker-4] DEBUG c.c.controller.WebSocketController:76 - Pushed system metrics to WebSocket subscribers
2025-06-29 10:36:04.126 [MessageBroker-2] DEBUG c.c.controller.WebSocketController:76 - Pushed system metrics to WebSocket subscribers
2025-06-29 10:36:08.908 [MessageBroker-4] DEBUG c.c.controller.WebSocketController:76 - Pushed system metrics to WebSocket subscribers
2025-06-29 10:36:14.002 [MessageBroker-3] DEBUG c.c.controller.WebSocketController:76 - Pushed system metrics to WebSocket subscribers
2025-06-29 10:36:18.916 [MessageBroker-1] DEBUG c.c.controller.WebSocketController:76 - Pushed system metrics to WebSocket subscribers
2025-06-29 10:36:23.963 [MessageBroker-4] DEBUG c.c.controller.WebSocketController:76 - Pushed system metrics to WebSocket subscribers
2025-06-29 10:36:28.904 [MessageBroker-1] DEBUG c.c.controller.WebSocketController:76 - Pushed system metrics to WebSocket subscribers
2025-06-29 10:36:34.360 [MessageBroker-4] DEBUG c.c.controller.WebSocketController:76 - Pushed system metrics to WebSocket subscribers
2025-06-29 10:36:38.921 [MessageBroker-4] DEBUG c.c.controller.WebSocketController:76 - Pushed system metrics to WebSocket subscribers
2025-06-29 10:36:44.036 [MessageBroker-2] DEBUG c.c.controller.WebSocketController:76 - Pushed system metrics to WebSocket subscribers
2025-06-29 10:36:48.910 [MessageBroker-3] DEBUG c.c.controller.WebSocketController:76 - Pushed system metrics to WebSocket subscribers
2025-06-29 10:36:54.058 [MessageBroker-4] DEBUG c.c.controller.WebSocketController:76 - Pushed system metrics to WebSocket subscribers
2025-06-29 10:36:55.795 [http-nio-8080-exec-2] DEBUG com.civiguard.service.ReportService:98 - Searching reports with filters - search: null, status: null, type: null, priority: null, createdBy: 53, dateFrom: null, dateTo: null
2025-06-29 10:36:58.919 [MessageBroker-1] DEBUG c.c.controller.WebSocketController:76 - Pushed system metrics to WebSocket subscribers
2025-06-29 10:37:04.023 [MessageBroker-4] DEBUG c.c.controller.WebSocketController:76 - Pushed system metrics to WebSocket subscribers
2025-06-29 10:37:08.898 [MessageBroker-1] DEBUG c.c.controller.WebSocketController:76 - Pushed system metrics to WebSocket subscribers
2025-06-29 10:37:14.033 [MessageBroker-3] DEBUG c.c.controller.WebSocketController:76 - Pushed system metrics to WebSocket subscribers
2025-06-29 10:37:18.903 [MessageBroker-1] DEBUG c.c.controller.WebSocketController:76 - Pushed system metrics to WebSocket subscribers
2025-06-29 10:37:22.176 [http-nio-8080-exec-1] WARN  org.hibernate.orm.query:86 - HHH90003004: firstResult/maxResults specified with collection fetch; applying in memory
2025-06-29 10:37:23.990 [MessageBroker-4] DEBUG c.c.controller.WebSocketController:76 - Pushed system metrics to WebSocket subscribers
2025-06-29 10:37:28.896 [MessageBroker-1] DEBUG c.c.controller.WebSocketController:76 - Pushed system metrics to WebSocket subscribers
2025-06-29 10:37:34.019 [MessageBroker-4] DEBUG c.c.controller.WebSocketController:76 - Pushed system metrics to WebSocket subscribers
2025-06-29 10:37:38.914 [MessageBroker-1] DEBUG c.c.controller.WebSocketController:76 - Pushed system metrics to WebSocket subscribers
2025-06-29 10:37:43.998 [MessageBroker-3] DEBUG c.c.controller.WebSocketController:76 - Pushed system metrics to WebSocket subscribers
2025-06-29 10:37:48.900 [MessageBroker-1] DEBUG c.c.controller.WebSocketController:76 - Pushed system metrics to WebSocket subscribers
2025-06-29 10:37:54.253 [MessageBroker-4] DEBUG c.c.controller.WebSocketController:76 - Pushed system metrics to WebSocket subscribers
2025-06-29 10:37:58.905 [MessageBroker-4] DEBUG c.c.controller.WebSocketController:76 - Pushed system metrics to WebSocket subscribers
2025-06-29 10:38:03.968 [MessageBroker-2] DEBUG c.c.controller.WebSocketController:76 - Pushed system metrics to WebSocket subscribers
2025-06-29 10:38:08.900 [MessageBroker-3] DEBUG c.c.controller.WebSocketController:76 - Pushed system metrics to WebSocket subscribers
2025-06-29 10:38:14.230 [MessageBroker-2] DEBUG c.c.controller.WebSocketController:76 - Pushed system metrics to WebSocket subscribers
2025-06-29 10:38:18.911 [MessageBroker-2] DEBUG c.c.controller.WebSocketController:76 - Pushed system metrics to WebSocket subscribers
2025-06-29 10:38:23.954 [http-nio-8080-exec-8] INFO  c.c.controller.IncidentController:121 - Fetching all incidents with filters: type=null, status=null, priority=null, district=null, startDate=null, endDate=null
2025-06-29 10:38:23.955 [http-nio-8080-exec-8] WARN  org.hibernate.orm.query:86 - HHH90003004: firstResult/maxResults specified with collection fetch; applying in memory
2025-06-29 10:38:23.976 [MessageBroker-1] DEBUG c.c.controller.WebSocketController:76 - Pushed system metrics to WebSocket subscribers
2025-06-29 10:38:25.448 [http-nio-8080-exec-9] INFO  c.c.controller.IncidentController:121 - Fetching all incidents with filters: type=null, status=null, priority=null, district=null, startDate=null, endDate=null
2025-06-29 10:38:25.450 [http-nio-8080-exec-9] WARN  org.hibernate.orm.query:86 - HHH90003004: firstResult/maxResults specified with collection fetch; applying in memory
2025-06-29 10:38:28.912 [MessageBroker-2] DEBUG c.c.controller.WebSocketController:76 - Pushed system metrics to WebSocket subscribers
2025-06-29 10:38:30.950 [http-nio-8080-exec-10] INFO  c.c.controller.IncidentController:121 - Fetching all incidents with filters: type=null, status=null, priority=null, district=null, startDate=null, endDate=null
2025-06-29 10:38:30.957 [http-nio-8080-exec-10] WARN  org.hibernate.orm.query:86 - HHH90003004: firstResult/maxResults specified with collection fetch; applying in memory
2025-06-29 10:38:33.976 [MessageBroker-1] DEBUG c.c.controller.WebSocketController:76 - Pushed system metrics to WebSocket subscribers
2025-06-29 10:38:38.904 [MessageBroker-2] DEBUG c.c.controller.WebSocketController:76 - Pushed system metrics to WebSocket subscribers
2025-06-29 10:38:44.025 [MessageBroker-3] DEBUG c.c.controller.WebSocketController:76 - Pushed system metrics to WebSocket subscribers
2025-06-29 10:38:48.915 [MessageBroker-2] DEBUG c.c.controller.WebSocketController:76 - Pushed system metrics to WebSocket subscribers
2025-06-29 10:38:54.409 [MessageBroker-3] DEBUG c.c.controller.WebSocketController:76 - Pushed system metrics to WebSocket subscribers
2025-06-29 10:38:58.926 [MessageBroker-3] DEBUG c.c.controller.WebSocketController:76 - Pushed system metrics to WebSocket subscribers
2025-06-29 10:39:05.944 [MessageBroker-2] DEBUG c.c.controller.WebSocketController:76 - Pushed system metrics to WebSocket subscribers
2025-06-29 10:39:08.908 [MessageBroker-2] DEBUG c.c.controller.WebSocketController:76 - Pushed system metrics to WebSocket subscribers
2025-06-29 10:39:14.132 [MessageBroker-3] DEBUG c.c.controller.WebSocketController:76 - Pushed system metrics to WebSocket subscribers
2025-06-29 10:39:18.923 [MessageBroker-3] DEBUG c.c.controller.WebSocketController:76 - Pushed system metrics to WebSocket subscribers
2025-06-29 10:39:24.179 [MessageBroker-4] DEBUG c.c.controller.WebSocketController:76 - Pushed system metrics to WebSocket subscribers
2025-06-29 10:39:28.984 [MessageBroker-4] DEBUG c.c.controller.WebSocketController:76 - Pushed system metrics to WebSocket subscribers
2025-06-29 10:39:34.183 [MessageBroker-3] DEBUG c.c.controller.WebSocketController:76 - Pushed system metrics to WebSocket subscribers
2025-06-29 10:39:38.911 [MessageBroker-3] DEBUG c.c.controller.WebSocketController:76 - Pushed system metrics to WebSocket subscribers
2025-06-29 10:39:44.883 [MessageBroker-1] DEBUG c.c.controller.WebSocketController:76 - Pushed system metrics to WebSocket subscribers
2025-06-29 10:39:48.908 [MessageBroker-1] DEBUG c.c.controller.WebSocketController:76 - Pushed system metrics to WebSocket subscribers
2025-06-29 10:39:54.073 [MessageBroker-3] DEBUG c.c.controller.WebSocketController:76 - Pushed system metrics to WebSocket subscribers
2025-06-29 10:39:58.909 [MessageBroker-3] DEBUG c.c.controller.WebSocketController:76 - Pushed system metrics to WebSocket subscribers
2025-06-29 10:40:03.984 [MessageBroker-2] DEBUG c.c.controller.WebSocketController:76 - Pushed system metrics to WebSocket subscribers
2025-06-29 10:40:08.721 [http-nio-8080-exec-2] INFO  c.c.controller.IncidentController:157 - Fetching incidents assigned to officer ID: 2
2025-06-29 10:40:08.725 [http-nio-8080-exec-2] INFO  c.civiguard.service.IncidentService:279 - Fetching incidents for officer ID: 2, page: 0, size: 10
2025-06-29 10:40:08.816 [http-nio-8080-exec-2] INFO  c.civiguard.service.IncidentService:291 - Found 3 total incidents for officer ID: 2
2025-06-29 10:40:08.822 [http-nio-8080-exec-2] WARN  org.hibernate.orm.query:86 - HHH90003004: firstResult/maxResults specified with collection fetch; applying in memory
2025-06-29 10:40:08.884 [http-nio-8080-exec-2] INFO  c.civiguard.service.IncidentService:297 - Successfully retrieved 3 out of 3 incidents for officer ID: 2
2025-06-29 10:40:08.896 [MessageBroker-3] DEBUG c.c.controller.WebSocketController:76 - Pushed system metrics to WebSocket subscribers
2025-06-29 10:40:13.974 [MessageBroker-4] DEBUG c.c.controller.WebSocketController:76 - Pushed system metrics to WebSocket subscribers
2025-06-29 10:40:18.899 [MessageBroker-3] DEBUG c.c.controller.WebSocketController:76 - Pushed system metrics to WebSocket subscribers
2025-06-29 10:40:24.086 [MessageBroker-2] DEBUG c.c.controller.WebSocketController:76 - Pushed system metrics to WebSocket subscribers
2025-06-29 10:40:28.904 [MessageBroker-4] DEBUG c.c.controller.WebSocketController:76 - Pushed system metrics to WebSocket subscribers
2025-06-29 10:40:33.984 [MessageBroker-2] DEBUG c.c.controller.WebSocketController:76 - Pushed system metrics to WebSocket subscribers
2025-06-29 10:40:38.918 [MessageBroker-3] DEBUG c.c.controller.WebSocketController:76 - Pushed system metrics to WebSocket subscribers
2025-06-29 10:40:43.995 [MessageBroker-4] DEBUG c.c.controller.WebSocketController:76 - Pushed system metrics to WebSocket subscribers
2025-06-29 10:40:48.912 [MessageBroker-2] DEBUG c.c.controller.WebSocketController:76 - Pushed system metrics to WebSocket subscribers
2025-06-29 10:40:53.978 [MessageBroker-3] DEBUG c.c.controller.WebSocketController:76 - Pushed system metrics to WebSocket subscribers
2025-06-29 10:40:58.911 [MessageBroker-2] DEBUG c.c.controller.WebSocketController:76 - Pushed system metrics to WebSocket subscribers
2025-06-29 10:41:04.120 [MessageBroker-4] DEBUG c.c.controller.WebSocketController:76 - Pushed system metrics to WebSocket subscribers
2025-06-29 10:41:08.922 [MessageBroker-4] DEBUG c.c.controller.WebSocketController:76 - Pushed system metrics to WebSocket subscribers
2025-06-29 10:41:14.201 [MessageBroker-1] DEBUG c.c.controller.WebSocketController:76 - Pushed system metrics to WebSocket subscribers
2025-06-29 10:41:18.942 [MessageBroker-1] DEBUG c.c.controller.WebSocketController:76 - Pushed system metrics to WebSocket subscribers
2025-06-29 10:41:24.133 [MessageBroker-3] DEBUG c.c.controller.WebSocketController:76 - Pushed system metrics to WebSocket subscribers
2025-06-29 10:41:28.921 [MessageBroker-3] DEBUG c.c.controller.WebSocketController:76 - Pushed system metrics to WebSocket subscribers
2025-06-29 10:41:34.041 [MessageBroker-2] DEBUG c.c.controller.WebSocketController:76 - Pushed system metrics to WebSocket subscribers
2025-06-29 10:41:38.908 [MessageBroker-4] DEBUG c.c.controller.WebSocketController:76 - Pushed system metrics to WebSocket subscribers
2025-06-29 10:41:44.018 [MessageBroker-3] DEBUG c.c.controller.WebSocketController:76 - Pushed system metrics to WebSocket subscribers
2025-06-29 10:41:49.132 [MessageBroker-2] DEBUG c.c.controller.WebSocketController:76 - Pushed system metrics to WebSocket subscribers
2025-06-29 10:41:53.926 [MessageBroker-1] DEBUG c.c.controller.WebSocketController:76 - Pushed system metrics to WebSocket subscribers
2025-06-29 10:41:59.456 [MessageBroker-2] DEBUG c.c.controller.WebSocketController:76 - Pushed system metrics to WebSocket subscribers
2025-06-29 10:42:03.894 [MessageBroker-2] DEBUG c.c.controller.WebSocketController:76 - Pushed system metrics to WebSocket subscribers
2025-06-29 10:42:10.693 [MessageBroker-4] DEBUG c.c.controller.WebSocketController:76 - Pushed system metrics to WebSocket subscribers
2025-06-29 10:42:13.903 [MessageBroker-3] DEBUG c.c.controller.WebSocketController:76 - Pushed system metrics to WebSocket subscribers
2025-06-29 10:42:18.975 [MessageBroker-2] DEBUG c.c.controller.WebSocketController:76 - Pushed system metrics to WebSocket subscribers
2025-06-29 10:42:23.908 [MessageBroker-4] DEBUG c.c.controller.WebSocketController:76 - Pushed system metrics to WebSocket subscribers
2025-06-29 10:42:30.686 [MessageBroker-3] DEBUG c.c.controller.WebSocketController:76 - Pushed system metrics to WebSocket subscribers
2025-06-29 10:42:33.899 [MessageBroker-3] DEBUG c.c.controller.WebSocketController:76 - Pushed system metrics to WebSocket subscribers
2025-06-29 10:42:34.309 [http-nio-8080-exec-4] INFO  c.c.controller.IncidentController:121 - Fetching all incidents with filters: type=null, status=null, priority=null, district=null, startDate=null, endDate=null
2025-06-29 10:42:34.320 [http-nio-8080-exec-4] WARN  org.hibernate.orm.query:86 - HHH90003004: firstResult/maxResults specified with collection fetch; applying in memory
2025-06-29 10:42:35.490 [http-nio-8080-exec-7] INFO  c.c.controller.IncidentController:157 - Fetching incidents assigned to officer ID: 2
2025-06-29 10:42:35.491 [http-nio-8080-exec-7] INFO  c.civiguard.service.IncidentService:279 - Fetching incidents for officer ID: 2, page: 0, size: 10
2025-06-29 10:42:35.499 [http-nio-8080-exec-7] INFO  c.civiguard.service.IncidentService:291 - Found 3 total incidents for officer ID: 2
2025-06-29 10:42:35.500 [http-nio-8080-exec-7] WARN  org.hibernate.orm.query:86 - HHH90003004: firstResult/maxResults specified with collection fetch; applying in memory
2025-06-29 10:42:35.539 [http-nio-8080-exec-7] INFO  c.civiguard.service.IncidentService:297 - Successfully retrieved 3 out of 3 incidents for officer ID: 2
2025-06-29 10:42:39.827 [MessageBroker-2] DEBUG c.c.controller.WebSocketController:76 - Pushed system metrics to WebSocket subscribers
2025-06-29 10:42:43.901 [MessageBroker-2] DEBUG c.c.controller.WebSocketController:76 - Pushed system metrics to WebSocket subscribers
2025-06-29 10:42:50.646 [MessageBroker-3] DEBUG c.c.controller.WebSocketController:76 - Pushed system metrics to WebSocket subscribers
2025-06-29 10:42:53.902 [MessageBroker-3] DEBUG c.c.controller.WebSocketController:76 - Pushed system metrics to WebSocket subscribers
2025-06-29 10:42:59.277 [MessageBroker-2] DEBUG c.c.controller.WebSocketController:76 - Pushed system metrics to WebSocket subscribers
2025-06-29 10:43:03.897 [MessageBroker-2] DEBUG c.c.controller.WebSocketController:76 - Pushed system metrics to WebSocket subscribers
2025-06-29 10:43:08.954 [MessageBroker-4] DEBUG c.c.controller.WebSocketController:76 - Pushed system metrics to WebSocket subscribers
2025-06-29 10:43:13.897 [MessageBroker-1] DEBUG c.c.controller.WebSocketController:76 - Pushed system metrics to WebSocket subscribers
2025-06-29 10:43:18.968 [MessageBroker-4] DEBUG c.c.controller.WebSocketController:76 - Pushed system metrics to WebSocket subscribers
2025-06-29 10:43:23.899 [MessageBroker-2] DEBUG c.c.controller.WebSocketController:76 - Pushed system metrics to WebSocket subscribers
2025-06-29 10:43:29.022 [MessageBroker-1] DEBUG c.c.controller.WebSocketController:76 - Pushed system metrics to WebSocket subscribers
2025-06-29 10:43:33.896 [MessageBroker-4] DEBUG c.c.controller.WebSocketController:76 - Pushed system metrics to WebSocket subscribers
2025-06-29 10:43:38.983 [MessageBroker-1] DEBUG c.c.controller.WebSocketController:76 - Pushed system metrics to WebSocket subscribers
2025-06-29 10:43:43.899 [MessageBroker-2] DEBUG c.c.controller.WebSocketController:76 - Pushed system metrics to WebSocket subscribers
2025-06-29 10:43:46.187 [http-nio-8080-exec-3] ERROR c.c.exception.GlobalExceptionHandler:42 - 
=== Exception Details ===
Status: 500
Path: GET /api/incidents/2/images/incident_2_image_2.jpg
Message: No static resource incidents/2/images/incident_2_image_2.jpg.
Exception: org.springframework.web.servlet.resource.NoResourceFoundException
Stack Trace: 	at org.springframework.web.servlet.resource.ResourceHttpRequestHandler.handleRequest(ResourceHttpRequestHandler.java:585)
	at org.springframework.web.servlet.mvc.HttpRequestHandlerAdapter.handle(HttpRequestHandlerAdapter.java:52)
	at org.springframework.web.servlet.DispatcherServlet.doDispatch(DispatcherServlet.java:1089)
	at org.springframework.web.servlet.DispatcherServlet.doService(DispatcherServlet.java:979)
	at org.springframework.web.servlet.FrameworkServlet.processRequest(FrameworkServlet.java:1014)
	at org.springframework.web.servlet.FrameworkServlet.doGet(FrameworkServlet.java:903)
	at jakarta.servlet.http.HttpServlet.service(HttpServlet.java:564)
	at org.springframework.web.servlet.FrameworkServlet.service(FrameworkServlet.java:885)
	at jakarta.servlet.http.HttpServlet.service(HttpServlet.java:658)
	at org.apache.catalina.core.ApplicationFilterChain.internalDoFilter(ApplicationFilterChain.java:195)
	at org.apache.catalina.core.ApplicationFilterChain.doFilter(ApplicationFilterChain.java:140)
	at org.apache.tomcat.websocket.server.WsFilter.doFilter(WsFilter.java:51)
	at org.apache.catalina.core.ApplicationFilterChain.internalDoFilter(ApplicationFilterChain.java:164)
	at org.apache.catalina.core.ApplicationFilterChain.doFilter(ApplicationFilterChain.java:140)
	at com.civiguard.security.JwtAuthenticationFilter.doFilterInternal(JwtAuthenticationFilter.java:42)
	at org.springframework.web.filter.OncePerRequestFilter.doFilter(OncePerRequestFilter.java:116)
	at org.apache.catalina.core.ApplicationFilterChain.internalDoFilter(ApplicationFilterChain.java:164)
	at org.apache.catalina.core.ApplicationFilterChain.doFilter(ApplicationFilterChain.java:140)
	at org.springframework.web.filter.CompositeFilter$VirtualFilterChain.doFilter(CompositeFilter.java:108)
	at org.springframework.security.web.ObservationFilterChainDecorator$FilterObservation$SimpleFilterObservation.lambda$wrap$1(ObservationFilterChainDecorator.java:479)
	at org.springframework.security.web.ObservationFilterChainDecorator.lambda$wrapUnsecured$1(ObservationFilterChainDecorator.java:90)
	at org.springframework.security.web.FilterChainProxy.doFilterInternal(FilterChainProxy.java:219)
	at org.springframework.security.web.FilterChainProxy.doFilter(FilterChainProxy.java:191)
	at org.springframework.web.filter.CompositeFilter$VirtualFilterChain.doFilter(CompositeFilter.java:113)
	at org.springframework.web.servlet.handler.HandlerMappingIntrospector.lambda$createCacheFilter$3(HandlerMappingIntrospector.java:195)
	at org.springframework.web.filter.CompositeFilter$VirtualFilterChain.doFilter(CompositeFilter.java:113)
	at org.springframework.web.filter.CompositeFilter.doFilter(CompositeFilter.java:74)
	at org.springframework.security.config.annotation.web.configuration.WebMvcSecurityConfiguration$CompositeFilterChainProxy.doFilter(WebMvcSecurityConfiguration.java:230)
	at org.springframework.web.filter.DelegatingFilterProxy.invokeDelegate(DelegatingFilterProxy.java:352)
	at org.springframework.web.filter.DelegatingFilterProxy.doFilter(DelegatingFilterProxy.java:268)
	at org.apache.catalina.core.ApplicationFilterChain.internalDoFilter(ApplicationFilterChain.java:164)
	at org.apache.catalina.core.ApplicationFilterChain.doFilter(ApplicationFilterChain.java:140)
	at org.springframework.web.filter.RequestContextFilter.doFilterInternal(RequestContextFilter.java:100)
	at org.springframework.web.filter.OncePerRequestFilter.doFilter(OncePerRequestFilter.java:116)
	at org.apache.catalina.core.ApplicationFilterChain.internalDoFilter(ApplicationFilterChain.java:164)
	at org.apache.catalina.core.ApplicationFilterChain.doFilter(ApplicationFilterChain.java:140)
	at org.springframework.web.filter.FormContentFilter.doFilterInternal(FormContentFilter.java:93)
	at org.springframework.web.filter.OncePerRequestFilter.doFilter(OncePerRequestFilter.java:116)
	at org.apache.catalina.core.ApplicationFilterChain.internalDoFilter(ApplicationFilterChain.java:164)
	at org.apache.catalina.core.ApplicationFilterChain.doFilter(ApplicationFilterChain.java:140)
	at org.springframework.web.filter.ServerHttpObservationFilter.doFilterInternal(ServerHttpObservationFilter.java:109)
	at org.springframework.web.filter.OncePerRequestFilter.doFilter(OncePerRequestFilter.java:116)
	at org.apache.catalina.core.ApplicationFilterChain.internalDoFilter(ApplicationFilterChain.java:164)
	at org.apache.catalina.core.ApplicationFilterChain.doFilter(ApplicationFilterChain.java:140)
	at org.springframework.web.filter.CharacterEncodingFilter.doFilterInternal(CharacterEncodingFilter.java:201)
	at org.springframework.web.filter.OncePerRequestFilter.doFilter(OncePerRequestFilter.java:116)
	at org.apache.catalina.core.ApplicationFilterChain.internalDoFilter(ApplicationFilterChain.java:164)
	at org.apache.catalina.core.ApplicationFilterChain.doFilter(ApplicationFilterChain.java:140)
	at org.apache.catalina.core.StandardWrapperValve.invoke(StandardWrapperValve.java:167)
	at org.apache.catalina.core.StandardContextValve.invoke(StandardContextValve.java:90)
	at org.apache.catalina.authenticator.AuthenticatorBase.invoke(AuthenticatorBase.java:482)
	at org.apache.catalina.core.StandardHostValve.invoke(StandardHostValve.java:115)
	at org.apache.catalina.valves.ErrorReportValve.invoke(ErrorReportValve.java:93)
	at org.apache.catalina.core.StandardEngineValve.invoke(StandardEngineValve.java:74)
	at org.apache.catalina.connector.CoyoteAdapter.service(CoyoteAdapter.java:344)
	at org.apache.coyote.http11.Http11Processor.service(Http11Processor.java:389)
	at org.apache.coyote.AbstractProcessorLight.process(AbstractProcessorLight.java:63)
	at org.apache.coyote.AbstractProtocol$ConnectionHandler.process(AbstractProtocol.java:896)
	at org.apache.tomcat.util.net.NioEndpoint$SocketProcessor.doRun(NioEndpoint.java:1741)
	at org.apache.tomcat.util.net.SocketProcessorBase.run(SocketProcessorBase.java:52)
	at org.apache.tomcat.util.threads.ThreadPoolExecutor.runWorker(ThreadPoolExecutor.java:1190)
	at org.apache.tomcat.util.threads.ThreadPoolExecutor$Worker.run(ThreadPoolExecutor.java:659)
	at org.apache.tomcat.util.threads.TaskThread$WrappingRunnable.run(TaskThread.java:63)
	at java.base/java.lang.Thread.run(Thread.java:1583)

2025-06-29 10:43:46.187 [http-nio-8080-exec-8] ERROR c.c.exception.GlobalExceptionHandler:42 - 
=== Exception Details ===
Status: 500
Path: GET /api/incidents/2/images/incident_2_image_1.jpg
Message: No static resource incidents/2/images/incident_2_image_1.jpg.
Exception: org.springframework.web.servlet.resource.NoResourceFoundException
Stack Trace: 	at org.springframework.web.servlet.resource.ResourceHttpRequestHandler.handleRequest(ResourceHttpRequestHandler.java:585)
	at org.springframework.web.servlet.mvc.HttpRequestHandlerAdapter.handle(HttpRequestHandlerAdapter.java:52)
	at org.springframework.web.servlet.DispatcherServlet.doDispatch(DispatcherServlet.java:1089)
	at org.springframework.web.servlet.DispatcherServlet.doService(DispatcherServlet.java:979)
	at org.springframework.web.servlet.FrameworkServlet.processRequest(FrameworkServlet.java:1014)
	at org.springframework.web.servlet.FrameworkServlet.doGet(FrameworkServlet.java:903)
	at jakarta.servlet.http.HttpServlet.service(HttpServlet.java:564)
	at org.springframework.web.servlet.FrameworkServlet.service(FrameworkServlet.java:885)
	at jakarta.servlet.http.HttpServlet.service(HttpServlet.java:658)
	at org.apache.catalina.core.ApplicationFilterChain.internalDoFilter(ApplicationFilterChain.java:195)
	at org.apache.catalina.core.ApplicationFilterChain.doFilter(ApplicationFilterChain.java:140)
	at org.apache.tomcat.websocket.server.WsFilter.doFilter(WsFilter.java:51)
	at org.apache.catalina.core.ApplicationFilterChain.internalDoFilter(ApplicationFilterChain.java:164)
	at org.apache.catalina.core.ApplicationFilterChain.doFilter(ApplicationFilterChain.java:140)
	at com.civiguard.security.JwtAuthenticationFilter.doFilterInternal(JwtAuthenticationFilter.java:42)
	at org.springframework.web.filter.OncePerRequestFilter.doFilter(OncePerRequestFilter.java:116)
	at org.apache.catalina.core.ApplicationFilterChain.internalDoFilter(ApplicationFilterChain.java:164)
	at org.apache.catalina.core.ApplicationFilterChain.doFilter(ApplicationFilterChain.java:140)
	at org.springframework.web.filter.CompositeFilter$VirtualFilterChain.doFilter(CompositeFilter.java:108)
	at org.springframework.security.web.ObservationFilterChainDecorator$FilterObservation$SimpleFilterObservation.lambda$wrap$1(ObservationFilterChainDecorator.java:479)
	at org.springframework.security.web.ObservationFilterChainDecorator.lambda$wrapUnsecured$1(ObservationFilterChainDecorator.java:90)
	at org.springframework.security.web.FilterChainProxy.doFilterInternal(FilterChainProxy.java:219)
	at org.springframework.security.web.FilterChainProxy.doFilter(FilterChainProxy.java:191)
	at org.springframework.web.filter.CompositeFilter$VirtualFilterChain.doFilter(CompositeFilter.java:113)
	at org.springframework.web.servlet.handler.HandlerMappingIntrospector.lambda$createCacheFilter$3(HandlerMappingIntrospector.java:195)
	at org.springframework.web.filter.CompositeFilter$VirtualFilterChain.doFilter(CompositeFilter.java:113)
	at org.springframework.web.filter.CompositeFilter.doFilter(CompositeFilter.java:74)
	at org.springframework.security.config.annotation.web.configuration.WebMvcSecurityConfiguration$CompositeFilterChainProxy.doFilter(WebMvcSecurityConfiguration.java:230)
	at org.springframework.web.filter.DelegatingFilterProxy.invokeDelegate(DelegatingFilterProxy.java:352)
	at org.springframework.web.filter.DelegatingFilterProxy.doFilter(DelegatingFilterProxy.java:268)
	at org.apache.catalina.core.ApplicationFilterChain.internalDoFilter(ApplicationFilterChain.java:164)
	at org.apache.catalina.core.ApplicationFilterChain.doFilter(ApplicationFilterChain.java:140)
	at org.springframework.web.filter.RequestContextFilter.doFilterInternal(RequestContextFilter.java:100)
	at org.springframework.web.filter.OncePerRequestFilter.doFilter(OncePerRequestFilter.java:116)
	at org.apache.catalina.core.ApplicationFilterChain.internalDoFilter(ApplicationFilterChain.java:164)
	at org.apache.catalina.core.ApplicationFilterChain.doFilter(ApplicationFilterChain.java:140)
	at org.springframework.web.filter.FormContentFilter.doFilterInternal(FormContentFilter.java:93)
	at org.springframework.web.filter.OncePerRequestFilter.doFilter(OncePerRequestFilter.java:116)
	at org.apache.catalina.core.ApplicationFilterChain.internalDoFilter(ApplicationFilterChain.java:164)
	at org.apache.catalina.core.ApplicationFilterChain.doFilter(ApplicationFilterChain.java:140)
	at org.springframework.web.filter.ServerHttpObservationFilter.doFilterInternal(ServerHttpObservationFilter.java:109)
	at org.springframework.web.filter.OncePerRequestFilter.doFilter(OncePerRequestFilter.java:116)
	at org.apache.catalina.core.ApplicationFilterChain.internalDoFilter(ApplicationFilterChain.java:164)
	at org.apache.catalina.core.ApplicationFilterChain.doFilter(ApplicationFilterChain.java:140)
	at org.springframework.web.filter.CharacterEncodingFilter.doFilterInternal(CharacterEncodingFilter.java:201)
	at org.springframework.web.filter.OncePerRequestFilter.doFilter(OncePerRequestFilter.java:116)
	at org.apache.catalina.core.ApplicationFilterChain.internalDoFilter(ApplicationFilterChain.java:164)
	at org.apache.catalina.core.ApplicationFilterChain.doFilter(ApplicationFilterChain.java:140)
	at org.apache.catalina.core.StandardWrapperValve.invoke(StandardWrapperValve.java:167)
	at org.apache.catalina.core.StandardContextValve.invoke(StandardContextValve.java:90)
	at org.apache.catalina.authenticator.AuthenticatorBase.invoke(AuthenticatorBase.java:482)
	at org.apache.catalina.core.StandardHostValve.invoke(StandardHostValve.java:115)
	at org.apache.catalina.valves.ErrorReportValve.invoke(ErrorReportValve.java:93)
	at org.apache.catalina.core.StandardEngineValve.invoke(StandardEngineValve.java:74)
	at org.apache.catalina.connector.CoyoteAdapter.service(CoyoteAdapter.java:344)
	at org.apache.coyote.http11.Http11Processor.service(Http11Processor.java:389)
	at org.apache.coyote.AbstractProcessorLight.process(AbstractProcessorLight.java:63)
	at org.apache.coyote.AbstractProtocol$ConnectionHandler.process(AbstractProtocol.java:896)
	at org.apache.tomcat.util.net.NioEndpoint$SocketProcessor.doRun(NioEndpoint.java:1741)
	at org.apache.tomcat.util.net.SocketProcessorBase.run(SocketProcessorBase.java:52)
	at org.apache.tomcat.util.threads.ThreadPoolExecutor.runWorker(ThreadPoolExecutor.java:1190)
	at org.apache.tomcat.util.threads.ThreadPoolExecutor$Worker.run(ThreadPoolExecutor.java:659)
	at org.apache.tomcat.util.threads.TaskThread$WrappingRunnable.run(TaskThread.java:63)
	at java.base/java.lang.Thread.run(Thread.java:1583)

2025-06-29 10:43:46.225 [http-nio-8080-exec-3] WARN  o.s.w.s.m.m.a.ExceptionHandlerExceptionResolver:247 - Resolved [org.springframework.web.servlet.resource.NoResourceFoundException: No static resource incidents/2/images/incident_2_image_2.jpg.]
2025-06-29 10:43:46.221 [http-nio-8080-exec-8] WARN  o.s.w.s.m.m.a.ExceptionHandlerExceptionResolver:247 - Resolved [org.springframework.web.servlet.resource.NoResourceFoundException: No static resource incidents/2/images/incident_2_image_1.jpg.]
2025-06-29 10:43:48.966 [MessageBroker-4] DEBUG c.c.controller.WebSocketController:76 - Pushed system metrics to WebSocket subscribers
2025-06-29 10:43:53.907 [MessageBroker-2] DEBUG c.c.controller.WebSocketController:76 - Pushed system metrics to WebSocket subscribers
2025-06-29 10:43:59.063 [MessageBroker-1] DEBUG c.c.controller.WebSocketController:76 - Pushed system metrics to WebSocket subscribers
2025-06-29 10:44:03.940 [MessageBroker-1] DEBUG c.c.controller.WebSocketController:76 - Pushed system metrics to WebSocket subscribers
2025-06-29 10:44:09.032 [MessageBroker-2] DEBUG c.c.controller.WebSocketController:76 - Pushed system metrics to WebSocket subscribers
2025-06-29 10:44:13.898 [MessageBroker-3] DEBUG c.c.controller.WebSocketController:76 - Pushed system metrics to WebSocket subscribers
2025-06-29 10:44:15.262 [http-nio-8080-exec-9] ERROR c.c.exception.GlobalExceptionHandler:42 - 
=== Exception Details ===
Status: 500
Path: GET /api/incidents/2/images/incident_2_image_1.jpg
Message: No static resource incidents/2/images/incident_2_image_1.jpg.
Exception: org.springframework.web.servlet.resource.NoResourceFoundException
Stack Trace: 	at org.springframework.web.servlet.resource.ResourceHttpRequestHandler.handleRequest(ResourceHttpRequestHandler.java:585)
	at org.springframework.web.servlet.mvc.HttpRequestHandlerAdapter.handle(HttpRequestHandlerAdapter.java:52)
	at org.springframework.web.servlet.DispatcherServlet.doDispatch(DispatcherServlet.java:1089)
	at org.springframework.web.servlet.DispatcherServlet.doService(DispatcherServlet.java:979)
	at org.springframework.web.servlet.FrameworkServlet.processRequest(FrameworkServlet.java:1014)
	at org.springframework.web.servlet.FrameworkServlet.doGet(FrameworkServlet.java:903)
	at jakarta.servlet.http.HttpServlet.service(HttpServlet.java:564)
	at org.springframework.web.servlet.FrameworkServlet.service(FrameworkServlet.java:885)
	at jakarta.servlet.http.HttpServlet.service(HttpServlet.java:658)
	at org.apache.catalina.core.ApplicationFilterChain.internalDoFilter(ApplicationFilterChain.java:195)
	at org.apache.catalina.core.ApplicationFilterChain.doFilter(ApplicationFilterChain.java:140)
	at org.apache.tomcat.websocket.server.WsFilter.doFilter(WsFilter.java:51)
	at org.apache.catalina.core.ApplicationFilterChain.internalDoFilter(ApplicationFilterChain.java:164)
	at org.apache.catalina.core.ApplicationFilterChain.doFilter(ApplicationFilterChain.java:140)
	at com.civiguard.security.JwtAuthenticationFilter.doFilterInternal(JwtAuthenticationFilter.java:42)
	at org.springframework.web.filter.OncePerRequestFilter.doFilter(OncePerRequestFilter.java:116)
	at org.apache.catalina.core.ApplicationFilterChain.internalDoFilter(ApplicationFilterChain.java:164)
	at org.apache.catalina.core.ApplicationFilterChain.doFilter(ApplicationFilterChain.java:140)
	at org.springframework.web.filter.CompositeFilter$VirtualFilterChain.doFilter(CompositeFilter.java:108)
	at org.springframework.security.web.ObservationFilterChainDecorator$FilterObservation$SimpleFilterObservation.lambda$wrap$1(ObservationFilterChainDecorator.java:479)
	at org.springframework.security.web.ObservationFilterChainDecorator.lambda$wrapUnsecured$1(ObservationFilterChainDecorator.java:90)
	at org.springframework.security.web.FilterChainProxy.doFilterInternal(FilterChainProxy.java:219)
	at org.springframework.security.web.FilterChainProxy.doFilter(FilterChainProxy.java:191)
	at org.springframework.web.filter.CompositeFilter$VirtualFilterChain.doFilter(CompositeFilter.java:113)
	at org.springframework.web.servlet.handler.HandlerMappingIntrospector.lambda$createCacheFilter$3(HandlerMappingIntrospector.java:195)
	at org.springframework.web.filter.CompositeFilter$VirtualFilterChain.doFilter(CompositeFilter.java:113)
	at org.springframework.web.filter.CompositeFilter.doFilter(CompositeFilter.java:74)
	at org.springframework.security.config.annotation.web.configuration.WebMvcSecurityConfiguration$CompositeFilterChainProxy.doFilter(WebMvcSecurityConfiguration.java:230)
	at org.springframework.web.filter.DelegatingFilterProxy.invokeDelegate(DelegatingFilterProxy.java:352)
	at org.springframework.web.filter.DelegatingFilterProxy.doFilter(DelegatingFilterProxy.java:268)
	at org.apache.catalina.core.ApplicationFilterChain.internalDoFilter(ApplicationFilterChain.java:164)
	at org.apache.catalina.core.ApplicationFilterChain.doFilter(ApplicationFilterChain.java:140)
	at org.springframework.web.filter.RequestContextFilter.doFilterInternal(RequestContextFilter.java:100)
	at org.springframework.web.filter.OncePerRequestFilter.doFilter(OncePerRequestFilter.java:116)
	at org.apache.catalina.core.ApplicationFilterChain.internalDoFilter(ApplicationFilterChain.java:164)
	at org.apache.catalina.core.ApplicationFilterChain.doFilter(ApplicationFilterChain.java:140)
	at org.springframework.web.filter.FormContentFilter.doFilterInternal(FormContentFilter.java:93)
	at org.springframework.web.filter.OncePerRequestFilter.doFilter(OncePerRequestFilter.java:116)
	at org.apache.catalina.core.ApplicationFilterChain.internalDoFilter(ApplicationFilterChain.java:164)
	at org.apache.catalina.core.ApplicationFilterChain.doFilter(ApplicationFilterChain.java:140)
	at org.springframework.web.filter.ServerHttpObservationFilter.doFilterInternal(ServerHttpObservationFilter.java:109)
	at org.springframework.web.filter.OncePerRequestFilter.doFilter(OncePerRequestFilter.java:116)
	at org.apache.catalina.core.ApplicationFilterChain.internalDoFilter(ApplicationFilterChain.java:164)
	at org.apache.catalina.core.ApplicationFilterChain.doFilter(ApplicationFilterChain.java:140)
	at org.springframework.web.filter.CharacterEncodingFilter.doFilterInternal(CharacterEncodingFilter.java:201)
	at org.springframework.web.filter.OncePerRequestFilter.doFilter(OncePerRequestFilter.java:116)
	at org.apache.catalina.core.ApplicationFilterChain.internalDoFilter(ApplicationFilterChain.java:164)
	at org.apache.catalina.core.ApplicationFilterChain.doFilter(ApplicationFilterChain.java:140)
	at org.apache.catalina.core.StandardWrapperValve.invoke(StandardWrapperValve.java:167)
	at org.apache.catalina.core.StandardContextValve.invoke(StandardContextValve.java:90)
	at org.apache.catalina.authenticator.AuthenticatorBase.invoke(AuthenticatorBase.java:482)
	at org.apache.catalina.core.StandardHostValve.invoke(StandardHostValve.java:115)
	at org.apache.catalina.valves.ErrorReportValve.invoke(ErrorReportValve.java:93)
	at org.apache.catalina.core.StandardEngineValve.invoke(StandardEngineValve.java:74)
	at org.apache.catalina.connector.CoyoteAdapter.service(CoyoteAdapter.java:344)
	at org.apache.coyote.http11.Http11Processor.service(Http11Processor.java:389)
	at org.apache.coyote.AbstractProcessorLight.process(AbstractProcessorLight.java:63)
	at org.apache.coyote.AbstractProtocol$ConnectionHandler.process(AbstractProtocol.java:896)
	at org.apache.tomcat.util.net.NioEndpoint$SocketProcessor.doRun(NioEndpoint.java:1741)
	at org.apache.tomcat.util.net.SocketProcessorBase.run(SocketProcessorBase.java:52)
	at org.apache.tomcat.util.threads.ThreadPoolExecutor.runWorker(ThreadPoolExecutor.java:1190)
	at org.apache.tomcat.util.threads.ThreadPoolExecutor$Worker.run(ThreadPoolExecutor.java:659)
	at org.apache.tomcat.util.threads.TaskThread$WrappingRunnable.run(TaskThread.java:63)
	at java.base/java.lang.Thread.run(Thread.java:1583)

2025-06-29 10:44:15.265 [http-nio-8080-exec-9] WARN  o.s.w.s.m.m.a.ExceptionHandlerExceptionResolver:247 - Resolved [org.springframework.web.servlet.resource.NoResourceFoundException: No static resource incidents/2/images/incident_2_image_1.jpg.]
2025-06-29 10:44:19.006 [MessageBroker-2] DEBUG c.c.controller.WebSocketController:76 - Pushed system metrics to WebSocket subscribers
2025-06-29 10:44:23.896 [MessageBroker-3] DEBUG c.c.controller.WebSocketController:76 - Pushed system metrics to WebSocket subscribers
2025-06-29 10:44:29.027 [MessageBroker-2] DEBUG c.c.controller.WebSocketController:76 - Pushed system metrics to WebSocket subscribers
2025-06-29 10:44:33.894 [MessageBroker-3] DEBUG c.c.controller.WebSocketController:76 - Pushed system metrics to WebSocket subscribers
2025-06-29 10:44:39.012 [MessageBroker-1] DEBUG c.c.controller.WebSocketController:76 - Pushed system metrics to WebSocket subscribers
2025-06-29 10:44:43.898 [MessageBroker-2] DEBUG c.c.controller.WebSocketController:76 - Pushed system metrics to WebSocket subscribers
2025-06-29 10:44:48.960 [MessageBroker-1] DEBUG c.c.controller.WebSocketController:76 - Pushed system metrics to WebSocket subscribers
2025-06-29 10:44:53.895 [MessageBroker-3] DEBUG c.c.controller.WebSocketController:76 - Pushed system metrics to WebSocket subscribers
2025-06-29 10:44:59.001 [MessageBroker-1] DEBUG c.c.controller.WebSocketController:76 - Pushed system metrics to WebSocket subscribers
2025-06-29 10:45:03.897 [MessageBroker-2] DEBUG c.c.controller.WebSocketController:76 - Pushed system metrics to WebSocket subscribers
2025-06-29 10:45:08.958 [MessageBroker-3] DEBUG c.c.controller.WebSocketController:76 - Pushed system metrics to WebSocket subscribers
2025-06-29 10:45:13.895 [MessageBroker-1] DEBUG c.c.controller.WebSocketController:76 - Pushed system metrics to WebSocket subscribers
2025-06-29 10:45:19.550 [MessageBroker-3] DEBUG c.c.controller.WebSocketController:76 - Pushed system metrics to WebSocket subscribers
2025-06-29 10:45:23.894 [MessageBroker-3] DEBUG c.c.controller.WebSocketController:76 - Pushed system metrics to WebSocket subscribers
2025-06-29 10:45:29.054 [MessageBroker-4] DEBUG c.c.controller.WebSocketController:76 - Pushed system metrics to WebSocket subscribers
2025-06-29 10:45:33.896 [MessageBroker-3] DEBUG c.c.controller.WebSocketController:76 - Pushed system metrics to WebSocket subscribers
2025-06-29 10:45:36.164 [http-nio-8080-exec-2] INFO  c.c.controller.IncidentController:121 - Fetching all incidents with filters: type=null, status=null, priority=null, district=null, startDate=null, endDate=null
2025-06-29 10:45:36.168 [http-nio-8080-exec-2] WARN  org.hibernate.orm.query:86 - HHH90003004: firstResult/maxResults specified with collection fetch; applying in memory
2025-06-29 10:45:39.073 [MessageBroker-1] DEBUG c.c.controller.WebSocketController:76 - Pushed system metrics to WebSocket subscribers
2025-06-29 10:45:43.921 [MessageBroker-1] DEBUG c.c.controller.WebSocketController:76 - Pushed system metrics to WebSocket subscribers
2025-06-29 10:45:49.021 [MessageBroker-4] DEBUG c.c.controller.WebSocketController:76 - Pushed system metrics to WebSocket subscribers
2025-06-29 10:45:53.896 [MessageBroker-1] DEBUG c.c.controller.WebSocketController:76 - Pushed system metrics to WebSocket subscribers
2025-06-29 10:45:59.002 [MessageBroker-4] DEBUG c.c.controller.WebSocketController:76 - Pushed system metrics to WebSocket subscribers
2025-06-29 10:46:03.895 [MessageBroker-1] DEBUG c.c.controller.WebSocketController:76 - Pushed system metrics to WebSocket subscribers
2025-06-29 10:46:14.127 [MessageBroker-4] DEBUG c.c.controller.WebSocketController:76 - Pushed system metrics to WebSocket subscribers
2025-06-29 10:46:16.146 [MessageBroker-4] DEBUG c.c.controller.WebSocketController:76 - Pushed system metrics to WebSocket subscribers
2025-06-29 10:46:18.902 [MessageBroker-4] DEBUG c.c.controller.WebSocketController:76 - Pushed system metrics to WebSocket subscribers
2025-06-29 10:46:24.248 [MessageBroker-2] DEBUG c.c.controller.WebSocketController:76 - Pushed system metrics to WebSocket subscribers
2025-06-29 10:46:28.901 [MessageBroker-2] DEBUG c.c.controller.WebSocketController:76 - Pushed system metrics to WebSocket subscribers
2025-06-29 10:46:34.111 [MessageBroker-4] DEBUG c.c.controller.WebSocketController:76 - Pushed system metrics to WebSocket subscribers
2025-06-29 10:46:38.899 [MessageBroker-4] DEBUG c.c.controller.WebSocketController:76 - Pushed system metrics to WebSocket subscribers
2025-06-29 10:46:44.026 [MessageBroker-2] DEBUG c.c.controller.WebSocketController:76 - Pushed system metrics to WebSocket subscribers
2025-06-29 10:46:48.914 [MessageBroker-1] DEBUG c.c.controller.WebSocketController:76 - Pushed system metrics to WebSocket subscribers
2025-06-29 10:46:54.108 [MessageBroker-4] DEBUG c.c.controller.WebSocketController:76 - Pushed system metrics to WebSocket subscribers
2025-06-29 10:46:58.914 [MessageBroker-4] DEBUG c.c.controller.WebSocketController:76 - Pushed system metrics to WebSocket subscribers
2025-06-29 10:47:04.027 [MessageBroker-1] DEBUG c.c.controller.WebSocketController:76 - Pushed system metrics to WebSocket subscribers
2025-06-29 10:47:08.910 [MessageBroker-3] DEBUG c.c.controller.WebSocketController:76 - Pushed system metrics to WebSocket subscribers
2025-06-29 10:47:13.977 [MessageBroker-1] DEBUG c.c.controller.WebSocketController:76 - Pushed system metrics to WebSocket subscribers
2025-06-29 10:47:18.895 [MessageBroker-4] DEBUG c.c.controller.WebSocketController:76 - Pushed system metrics to WebSocket subscribers
2025-06-29 10:47:24.026 [MessageBroker-3] DEBUG c.c.controller.WebSocketController:76 - Pushed system metrics to WebSocket subscribers
2025-06-29 10:47:25.643 [http-nio-8080-exec-9] DEBUG com.civiguard.service.ReportService:98 - Searching reports with filters - search: null, status: null, type: null, priority: null, createdBy: null, dateFrom: null, dateTo: null
2025-06-29 10:47:28.902 [MessageBroker-1] DEBUG c.c.controller.WebSocketController:76 - Pushed system metrics to WebSocket subscribers
2025-06-29 10:47:34.443 [MessageBroker-3] DEBUG c.c.controller.WebSocketController:76 - Pushed system metrics to WebSocket subscribers
2025-06-29 10:47:38.910 [MessageBroker-3] DEBUG c.c.controller.WebSocketController:76 - Pushed system metrics to WebSocket subscribers
2025-06-29 10:47:43.966 [MessageBroker-2] DEBUG c.c.controller.WebSocketController:76 - Pushed system metrics to WebSocket subscribers
2025-06-29 10:47:48.900 [MessageBroker-3] DEBUG c.c.controller.WebSocketController:76 - Pushed system metrics to WebSocket subscribers
2025-06-29 10:47:54.105 [MessageBroker-2] DEBUG c.c.controller.WebSocketController:76 - Pushed system metrics to WebSocket subscribers
2025-06-29 10:47:58.904 [MessageBroker-2] DEBUG c.c.controller.WebSocketController:76 - Pushed system metrics to WebSocket subscribers
2025-06-29 10:47:59.663 [http-nio-8080-exec-10] INFO  c.c.controller.IncidentController:157 - Fetching incidents assigned to officer ID: 2
2025-06-29 10:47:59.665 [http-nio-8080-exec-10] INFO  c.civiguard.service.IncidentService:279 - Fetching incidents for officer ID: 2, page: 0, size: 100
2025-06-29 10:47:59.671 [http-nio-8080-exec-10] INFO  c.civiguard.service.IncidentService:291 - Found 3 total incidents for officer ID: 2
2025-06-29 10:47:59.677 [http-nio-8080-exec-10] WARN  org.hibernate.orm.query:86 - HHH90003004: firstResult/maxResults specified with collection fetch; applying in memory
2025-06-29 10:47:59.717 [http-nio-8080-exec-10] INFO  c.civiguard.service.IncidentService:297 - Successfully retrieved 3 out of 3 incidents for officer ID: 2
2025-06-29 10:48:04.010 [MessageBroker-1] DEBUG c.c.controller.WebSocketController:76 - Pushed system metrics to WebSocket subscribers
2025-06-29 10:48:08.896 [MessageBroker-2] DEBUG c.c.controller.WebSocketController:76 - Pushed system metrics to WebSocket subscribers
2025-06-29 10:48:14.037 [MessageBroker-4] DEBUG c.c.controller.WebSocketController:76 - Pushed system metrics to WebSocket subscribers
2025-06-29 10:48:18.899 [MessageBroker-2] DEBUG c.c.controller.WebSocketController:76 - Pushed system metrics to WebSocket subscribers
2025-06-29 10:48:24.132 [MessageBroker-1] DEBUG c.c.controller.WebSocketController:76 - Pushed system metrics to WebSocket subscribers
2025-06-29 10:48:28.897 [MessageBroker-1] DEBUG c.c.controller.WebSocketController:76 - Pushed system metrics to WebSocket subscribers
2025-06-29 10:48:34.382 [http-nio-8080-exec-7] INFO  c.c.controller.IncidentController:121 - Fetching all incidents with filters: type=null, status=null, priority=null, district=null, startDate=2025-06-23T05:18:34.293, endDate=2025-06-29T05:18:34.293
2025-06-29 10:48:34.398 [http-nio-8080-exec-7] WARN  org.hibernate.orm.query:86 - HHH90003004: firstResult/maxResults specified with collection fetch; applying in memory
2025-06-29 10:48:34.437 [http-nio-8080-exec-4] INFO  c.c.controller.IncidentController:121 - Fetching all incidents with filters: type=null, status=null, priority=null, district=null, startDate=2025-06-22T18:30, endDate=2025-06-29T18:29:59.999
2025-06-29 10:48:34.442 [http-nio-8080-exec-4] WARN  org.hibernate.orm.query:86 - HHH90003004: firstResult/maxResults specified with collection fetch; applying in memory
2025-06-29 10:48:38.025 [MessageBroker-2] DEBUG c.c.controller.WebSocketController:76 - Pushed system metrics to WebSocket subscribers
2025-06-29 10:48:40.039 [MessageBroker-2] DEBUG c.c.controller.WebSocketController:76 - Pushed system metrics to WebSocket subscribers
2025-06-29 10:48:43.584 [http-nio-8080-exec-3] INFO  c.c.controller.IncidentController:121 - Fetching all incidents with filters: type=null, status=null, priority=null, district=null, startDate=2025-06-22T18:30, endDate=2025-06-29T18:29:59.999
2025-06-29 10:48:43.587 [http-nio-8080-exec-3] WARN  org.hibernate.orm.query:86 - HHH90003004: firstResult/maxResults specified with collection fetch; applying in memory
2025-06-29 10:48:43.636 [http-nio-8080-exec-8] INFO  c.c.controller.IncidentController:121 - Fetching all incidents with filters: type=null, status=null, priority=null, district=null, startDate=null, endDate=null
2025-06-29 10:48:43.641 [http-nio-8080-exec-8] WARN  org.hibernate.orm.query:86 - HHH90003004: firstResult/maxResults specified with collection fetch; applying in memory
2025-06-29 10:48:43.912 [MessageBroker-2] DEBUG c.c.controller.WebSocketController:76 - Pushed system metrics to WebSocket subscribers
2025-06-29 10:48:48.899 [MessageBroker-1] DEBUG c.c.controller.WebSocketController:76 - Pushed system metrics to WebSocket subscribers
2025-06-29 10:48:54.975 [MessageBroker-4] DEBUG c.c.controller.WebSocketController:76 - Pushed system metrics to WebSocket subscribers
2025-06-29 10:48:58.898 [MessageBroker-4] DEBUG c.c.controller.WebSocketController:76 - Pushed system metrics to WebSocket subscribers
2025-06-29 10:49:04.064 [MessageBroker-3] DEBUG c.c.controller.WebSocketController:76 - Pushed system metrics to WebSocket subscribers
2025-06-29 10:49:08.900 [MessageBroker-2] DEBUG c.c.controller.WebSocketController:76 - Pushed system metrics to WebSocket subscribers
2025-06-29 10:49:14.062 [MessageBroker-1] DEBUG c.c.controller.WebSocketController:76 - Pushed system metrics to WebSocket subscribers
2025-06-29 10:49:18.897 [MessageBroker-1] DEBUG c.c.controller.WebSocketController:76 - Pushed system metrics to WebSocket subscribers
2025-06-29 10:49:23.996 [MessageBroker-4] DEBUG c.c.controller.WebSocketController:76 - Pushed system metrics to WebSocket subscribers
2025-06-29 10:49:28.895 [MessageBroker-1] DEBUG c.c.controller.WebSocketController:76 - Pushed system metrics to WebSocket subscribers
2025-06-29 10:49:34.005 [MessageBroker-4] DEBUG c.c.controller.WebSocketController:76 - Pushed system metrics to WebSocket subscribers
2025-06-29 10:49:38.899 [MessageBroker-1] DEBUG c.c.controller.WebSocketController:76 - Pushed system metrics to WebSocket subscribers
2025-06-29 10:49:43.971 [MessageBroker-2] DEBUG c.c.controller.WebSocketController:76 - Pushed system metrics to WebSocket subscribers
2025-06-29 10:49:47.898 [http-nio-8080-exec-4] INFO  c.c.controller.IncidentController:121 - Fetching all incidents with filters: type=null, status=null, priority=null, district=null, startDate=null, endDate=null
2025-06-29 10:49:47.899 [http-nio-8080-exec-4] WARN  org.hibernate.orm.query:86 - HHH90003004: firstResult/maxResults specified with collection fetch; applying in memory
2025-06-29 10:49:48.940 [MessageBroker-4] DEBUG c.c.controller.WebSocketController:76 - Pushed system metrics to WebSocket subscribers
2025-06-29 10:49:54.051 [MessageBroker-1] DEBUG c.c.controller.WebSocketController:76 - Pushed system metrics to WebSocket subscribers
2025-06-29 10:49:58.909 [MessageBroker-2] DEBUG c.c.controller.WebSocketController:76 - Pushed system metrics to WebSocket subscribers
2025-06-29 10:50:04.142 [MessageBroker-4] DEBUG c.c.controller.WebSocketController:76 - Pushed system metrics to WebSocket subscribers
2025-06-29 10:50:08.897 [MessageBroker-4] DEBUG c.c.controller.WebSocketController:76 - Pushed system metrics to WebSocket subscribers
2025-06-29 10:50:14.366 [MessageBroker-3] DEBUG c.c.controller.WebSocketController:76 - Pushed system metrics to WebSocket subscribers
2025-06-29 10:50:18.896 [MessageBroker-3] DEBUG c.c.controller.WebSocketController:76 - Pushed system metrics to WebSocket subscribers
2025-06-29 10:50:24.101 [MessageBroker-1] DEBUG c.c.controller.WebSocketController:76 - Pushed system metrics to WebSocket subscribers
2025-06-29 10:50:28.898 [MessageBroker-1] DEBUG c.c.controller.WebSocketController:76 - Pushed system metrics to WebSocket subscribers
2025-06-29 10:50:34.389 [MessageBroker-4] DEBUG c.c.controller.WebSocketController:76 - Pushed system metrics to WebSocket subscribers
2025-06-29 10:50:38.899 [MessageBroker-4] DEBUG c.c.controller.WebSocketController:76 - Pushed system metrics to WebSocket subscribers
2025-06-29 10:50:44.587 [MessageBroker-1] DEBUG c.c.controller.WebSocketController:76 - Pushed system metrics to WebSocket subscribers
2025-06-29 10:50:48.901 [MessageBroker-2] DEBUG c.c.controller.WebSocketController:76 - Pushed system metrics to WebSocket subscribers
2025-06-29 10:50:53.991 [MessageBroker-3] DEBUG c.c.controller.WebSocketController:76 - Pushed system metrics to WebSocket subscribers
2025-06-29 10:50:58.895 [MessageBroker-1] DEBUG c.c.controller.WebSocketController:76 - Pushed system metrics to WebSocket subscribers
2025-06-29 10:51:04.074 [MessageBroker-3] DEBUG c.c.controller.WebSocketController:76 - Pushed system metrics to WebSocket subscribers
2025-06-29 10:51:08.897 [MessageBroker-4] DEBUG c.c.controller.WebSocketController:76 - Pushed system metrics to WebSocket subscribers
2025-06-29 10:51:13.880 [http-nio-8080-exec-10] DEBUG com.civiguard.service.ReportService:98 - Searching reports with filters - search: null, status: null, type: null, priority: null, createdBy: null, dateFrom: 2025-05-30, dateTo: 2025-06-29
2025-06-29 10:51:14.367 [MessageBroker-3] DEBUG c.c.controller.WebSocketController:76 - Pushed system metrics to WebSocket subscribers
2025-06-29 10:51:18.897 [MessageBroker-3] DEBUG c.c.controller.WebSocketController:76 - Pushed system metrics to WebSocket subscribers
2025-06-29 10:51:19.207 [http-nio-8080-exec-1] DEBUG com.civiguard.service.ReportService:98 - Searching reports with filters - search: null, status: null, type: null, priority: null, createdBy: null, dateFrom: 2025-05-30, dateTo: 2025-06-29
2025-06-29 10:51:19.364 [http-nio-8080-exec-5] DEBUG com.civiguard.service.ReportService:98 - Searching reports with filters - search: null, status: null, type: null, priority: null, createdBy: null, dateFrom: 2025-05-30, dateTo: 2025-06-29
2025-06-29 10:51:19.531 [http-nio-8080-exec-2] DEBUG com.civiguard.service.ReportService:98 - Searching reports with filters - search: null, status: null, type: null, priority: null, createdBy: null, dateFrom: 2025-05-30, dateTo: 2025-06-29
2025-06-29 10:51:19.714 [http-nio-8080-exec-6] DEBUG com.civiguard.service.ReportService:98 - Searching reports with filters - search: null, status: null, type: null, priority: null, createdBy: null, dateFrom: 2025-05-30, dateTo: 2025-06-29
2025-06-29 10:51:24.037 [MessageBroker-2] DEBUG c.c.controller.WebSocketController:76 - Pushed system metrics to WebSocket subscribers
2025-06-29 10:51:28.641 [http-nio-8080-exec-2] DEBUG com.civiguard.service.ReportService:98 - Searching reports with filters - search: null, status: null, type: null, priority: null, createdBy: null, dateFrom: 2025-05-30, dateTo: 2025-06-29
2025-06-29 10:51:28.900 [MessageBroker-1] DEBUG c.c.controller.WebSocketController:76 - Pushed system metrics to WebSocket subscribers
2025-06-29 10:51:28.910 [http-nio-8080-exec-6] DEBUG com.civiguard.service.ReportService:98 - Searching reports with filters - search: null, status: null, type: null, priority: null, createdBy: null, dateFrom: 2025-05-30, dateTo: 2025-06-29
2025-06-29 10:51:29.130 [http-nio-8080-exec-4] DEBUG com.civiguard.service.ReportService:98 - Searching reports with filters - search: null, status: null, type: null, priority: null, createdBy: null, dateFrom: 2025-05-30, dateTo: 2025-06-29
2025-06-29 10:51:29.291 [http-nio-8080-exec-3] DEBUG com.civiguard.service.ReportService:98 - Searching reports with filters - search: null, status: null, type: null, priority: null, createdBy: null, dateFrom: 2025-05-30, dateTo: 2025-06-29
2025-06-29 10:51:29.458 [http-nio-8080-exec-9] DEBUG com.civiguard.service.ReportService:98 - Searching reports with filters - search: null, status: null, type: null, priority: null, createdBy: null, dateFrom: 2025-05-30, dateTo: 2025-06-29
2025-06-29 10:51:29.606 [http-nio-8080-exec-8] DEBUG com.civiguard.service.ReportService:98 - Searching reports with filters - search: null, status: null, type: null, priority: null, createdBy: null, dateFrom: 2025-05-30, dateTo: 2025-06-29
2025-06-29 10:51:29.770 [http-nio-8080-exec-7] DEBUG com.civiguard.service.ReportService:98 - Searching reports with filters - search: null, status: null, type: null, priority: null, createdBy: null, dateFrom: 2025-05-30, dateTo: 2025-06-29
2025-06-29 10:51:29.947 [http-nio-8080-exec-1] DEBUG com.civiguard.service.ReportService:98 - Searching reports with filters - search: null, status: null, type: null, priority: null, createdBy: null, dateFrom: 2025-05-30, dateTo: 2025-06-29
2025-06-29 10:51:30.119 [http-nio-8080-exec-5] DEBUG com.civiguard.service.ReportService:98 - Searching reports with filters - search: null, status: null, type: null, priority: null, createdBy: null, dateFrom: 2025-05-30, dateTo: 2025-06-29
2025-06-29 10:51:30.312 [http-nio-8080-exec-10] DEBUG com.civiguard.service.ReportService:98 - Searching reports with filters - search: null, status: null, type: null, priority: null, createdBy: null, dateFrom: 2025-05-30, dateTo: 2025-06-29
2025-06-29 10:51:30.489 [http-nio-8080-exec-2] DEBUG com.civiguard.service.ReportService:98 - Searching reports with filters - search: null, status: null, type: null, priority: null, createdBy: null, dateFrom: 2025-05-30, dateTo: 2025-06-29
2025-06-29 10:51:30.659 [http-nio-8080-exec-6] DEBUG com.civiguard.service.ReportService:98 - Searching reports with filters - search: null, status: null, type: null, priority: null, createdBy: null, dateFrom: 2025-05-30, dateTo: 2025-06-29
2025-06-29 10:51:30.831 [http-nio-8080-exec-4] DEBUG com.civiguard.service.ReportService:98 - Searching reports with filters - search: null, status: null, type: null, priority: null, createdBy: null, dateFrom: 2025-05-30, dateTo: 2025-06-29
2025-06-29 10:51:37.801 [MessageBroker-2] DEBUG c.c.controller.WebSocketController:76 - Pushed system metrics to WebSocket subscribers
2025-06-29 10:51:39.814 [MessageBroker-2] DEBUG c.c.controller.WebSocketController:76 - Pushed system metrics to WebSocket subscribers
2025-06-29 10:51:41.854 [http-nio-8080-exec-3] DEBUG com.civiguard.service.ReportService:98 - Searching reports with filters - search: null, status: null, type: null, priority: null, createdBy: null, dateFrom: 2025-05-30, dateTo: 2025-06-29
2025-06-29 10:51:42.467 [http-nio-8080-exec-9] DEBUG com.civiguard.service.ReportService:98 - Searching reports with filters - search: null, status: null, type: null, priority: null, createdBy: null, dateFrom: 2025-05-30, dateTo: 2025-06-29
2025-06-29 10:51:42.632 [http-nio-8080-exec-8] DEBUG com.civiguard.service.ReportService:98 - Searching reports with filters - search: null, status: null, type: null, priority: null, createdBy: null, dateFrom: 2025-05-30, dateTo: 2025-06-29
2025-06-29 10:51:44.057 [MessageBroker-2] DEBUG c.c.controller.WebSocketController:76 - Pushed system metrics to WebSocket subscribers
2025-06-29 10:51:48.893 [MessageBroker-2] DEBUG c.c.controller.WebSocketController:76 - Pushed system metrics to WebSocket subscribers
2025-06-29 10:51:53.897 [MessageBroker-1] DEBUG c.c.controller.WebSocketController:76 - Pushed system metrics to WebSocket subscribers
2025-06-29 10:51:58.909 [MessageBroker-4] DEBUG c.c.controller.WebSocketController:76 - Pushed system metrics to WebSocket subscribers
2025-06-29 10:52:03.898 [MessageBroker-2] DEBUG c.c.controller.WebSocketController:76 - Pushed system metrics to WebSocket subscribers
2025-06-29 10:52:09.144 [MessageBroker-4] DEBUG c.c.controller.WebSocketController:76 - Pushed system metrics to WebSocket subscribers
2025-06-29 10:52:13.915 [MessageBroker-4] DEBUG c.c.controller.WebSocketController:76 - Pushed system metrics to WebSocket subscribers
2025-06-29 10:52:19.038 [MessageBroker-3] DEBUG c.c.controller.WebSocketController:76 - Pushed system metrics to WebSocket subscribers
2025-06-29 10:52:23.907 [MessageBroker-4] DEBUG c.c.controller.WebSocketController:76 - Pushed system metrics to WebSocket subscribers
2025-06-29 10:52:29.161 [MessageBroker-1] DEBUG c.c.controller.WebSocketController:76 - Pushed system metrics to WebSocket subscribers
2025-06-29 10:52:33.900 [MessageBroker-1] DEBUG c.c.controller.WebSocketController:76 - Pushed system metrics to WebSocket subscribers
2025-06-29 10:52:39.142 [MessageBroker-3] DEBUG c.c.controller.WebSocketController:76 - Pushed system metrics to WebSocket subscribers
2025-06-29 10:52:43.907 [MessageBroker-4] DEBUG c.c.controller.WebSocketController:76 - Pushed system metrics to WebSocket subscribers
2025-06-29 10:52:48.979 [MessageBroker-1] DEBUG c.c.controller.WebSocketController:76 - Pushed system metrics to WebSocket subscribers
2025-06-29 10:52:53.896 [MessageBroker-3] DEBUG c.c.controller.WebSocketController:76 - Pushed system metrics to WebSocket subscribers
2025-06-29 10:52:59.045 [MessageBroker-4] DEBUG c.c.controller.WebSocketController:76 - Pushed system metrics to WebSocket subscribers
2025-06-29 10:53:03.896 [MessageBroker-3] DEBUG c.c.controller.WebSocketController:76 - Pushed system metrics to WebSocket subscribers
2025-06-29 10:53:09.031 [MessageBroker-1] DEBUG c.c.controller.WebSocketController:76 - Pushed system metrics to WebSocket subscribers
2025-06-29 10:53:13.892 [MessageBroker-4] DEBUG c.c.controller.WebSocketController:76 - Pushed system metrics to WebSocket subscribers
2025-06-29 10:53:18.981 [MessageBroker-1] DEBUG c.c.controller.WebSocketController:76 - Pushed system metrics to WebSocket subscribers
2025-06-29 10:53:23.895 [MessageBroker-3] DEBUG c.c.controller.WebSocketController:76 - Pushed system metrics to WebSocket subscribers
2025-06-29 10:53:29.109 [MessageBroker-4] DEBUG c.c.controller.WebSocketController:76 - Pushed system metrics to WebSocket subscribers
2025-06-29 10:53:33.899 [MessageBroker-2] DEBUG c.c.controller.WebSocketController:76 - Pushed system metrics to WebSocket subscribers
2025-06-29 10:53:38.910 [MessageBroker-4] DEBUG c.c.controller.WebSocketController:76 - Pushed system metrics to WebSocket subscribers
2025-06-29 10:53:43.900 [MessageBroker-2] DEBUG c.c.controller.WebSocketController:76 - Pushed system metrics to WebSocket subscribers
2025-06-29 10:53:49.023 [MessageBroker-4] DEBUG c.c.controller.WebSocketController:76 - Pushed system metrics to WebSocket subscribers
2025-06-29 10:53:53.909 [MessageBroker-2] DEBUG c.c.controller.WebSocketController:76 - Pushed system metrics to WebSocket subscribers
2025-06-29 10:53:58.976 [MessageBroker-4] DEBUG c.c.controller.WebSocketController:76 - Pushed system metrics to WebSocket subscribers
2025-06-29 10:54:03.899 [MessageBroker-3] DEBUG c.c.controller.WebSocketController:76 - Pushed system metrics to WebSocket subscribers
2025-06-29 10:54:09.060 [MessageBroker-4] DEBUG c.c.controller.WebSocketController:76 - Pushed system metrics to WebSocket subscribers
2025-06-29 10:54:13.896 [MessageBroker-4] DEBUG c.c.controller.WebSocketController:76 - Pushed system metrics to WebSocket subscribers
2025-06-29 10:54:19.036 [MessageBroker-1] DEBUG c.c.controller.WebSocketController:76 - Pushed system metrics to WebSocket subscribers
2025-06-29 10:54:23.896 [MessageBroker-4] DEBUG c.c.controller.WebSocketController:76 - Pushed system metrics to WebSocket subscribers
2025-06-29 10:54:28.971 [MessageBroker-3] DEBUG c.c.controller.WebSocketController:76 - Pushed system metrics to WebSocket subscribers
2025-06-29 10:54:33.896 [MessageBroker-1] DEBUG c.c.controller.WebSocketController:76 - Pushed system metrics to WebSocket subscribers
2025-06-29 10:54:39.031 [MessageBroker-4] DEBUG c.c.controller.WebSocketController:76 - Pushed system metrics to WebSocket subscribers
2025-06-29 10:54:43.896 [MessageBroker-3] DEBUG c.c.controller.WebSocketController:76 - Pushed system metrics to WebSocket subscribers
2025-06-29 10:54:49.044 [MessageBroker-4] DEBUG c.c.controller.WebSocketController:76 - Pushed system metrics to WebSocket subscribers
2025-06-29 10:54:53.895 [MessageBroker-3] DEBUG c.c.controller.WebSocketController:76 - Pushed system metrics to WebSocket subscribers
2025-06-29 10:54:59.000 [MessageBroker-1] DEBUG c.c.controller.WebSocketController:76 - Pushed system metrics to WebSocket subscribers
2025-06-29 10:55:03.893 [MessageBroker-4] DEBUG c.c.controller.WebSocketController:76 - Pushed system metrics to WebSocket subscribers
2025-06-29 10:55:09.038 [MessageBroker-3] DEBUG c.c.controller.WebSocketController:76 - Pushed system metrics to WebSocket subscribers
2025-06-29 10:55:13.892 [MessageBroker-4] DEBUG c.c.controller.WebSocketController:76 - Pushed system metrics to WebSocket subscribers
2025-06-29 10:55:19.049 [MessageBroker-1] DEBUG c.c.controller.WebSocketController:76 - Pushed system metrics to WebSocket subscribers
2025-06-29 10:55:23.900 [MessageBroker-4] DEBUG c.c.controller.WebSocketController:76 - Pushed system metrics to WebSocket subscribers
2025-06-29 10:55:29.025 [MessageBroker-1] DEBUG c.c.controller.WebSocketController:76 - Pushed system metrics to WebSocket subscribers
2025-06-29 10:55:33.894 [MessageBroker-3] DEBUG c.c.controller.WebSocketController:76 - Pushed system metrics to WebSocket subscribers
2025-06-29 10:55:39.042 [MessageBroker-4] DEBUG c.c.controller.WebSocketController:76 - Pushed system metrics to WebSocket subscribers
2025-06-29 10:55:43.891 [MessageBroker-3] DEBUG c.c.controller.WebSocketController:76 - Pushed system metrics to WebSocket subscribers
2025-06-29 10:55:48.966 [MessageBroker-4] DEBUG c.c.controller.WebSocketController:76 - Pushed system metrics to WebSocket subscribers
2025-06-29 10:55:53.898 [MessageBroker-3] DEBUG c.c.controller.WebSocketController:76 - Pushed system metrics to WebSocket subscribers
2025-06-29 10:55:59.074 [MessageBroker-1] DEBUG c.c.controller.WebSocketController:76 - Pushed system metrics to WebSocket subscribers
2025-06-29 10:56:03.892 [MessageBroker-1] DEBUG c.c.controller.WebSocketController:76 - Pushed system metrics to WebSocket subscribers
2025-06-29 10:56:09.055 [MessageBroker-3] DEBUG c.c.controller.WebSocketController:76 - Pushed system metrics to WebSocket subscribers
2025-06-29 10:56:13.892 [MessageBroker-3] DEBUG c.c.controller.WebSocketController:76 - Pushed system metrics to WebSocket subscribers
2025-06-29 10:56:19.001 [MessageBroker-4] DEBUG c.c.controller.WebSocketController:76 - Pushed system metrics to WebSocket subscribers
2025-06-29 10:56:23.896 [MessageBroker-3] DEBUG c.c.controller.WebSocketController:76 - Pushed system metrics to WebSocket subscribers
2025-06-29 10:56:29.022 [MessageBroker-4] DEBUG c.c.controller.WebSocketController:76 - Pushed system metrics to WebSocket subscribers
2025-06-29 10:56:33.890 [MessageBroker-3] DEBUG c.c.controller.WebSocketController:76 - Pushed system metrics to WebSocket subscribers
2025-06-29 10:56:39.020 [MessageBroker-2] DEBUG c.c.controller.WebSocketController:76 - Pushed system metrics to WebSocket subscribers
2025-06-29 10:56:43.891 [MessageBroker-3] DEBUG c.c.controller.WebSocketController:76 - Pushed system metrics to WebSocket subscribers
2025-06-29 10:56:48.954 [MessageBroker-2] DEBUG c.c.controller.WebSocketController:76 - Pushed system metrics to WebSocket subscribers
2025-06-29 10:56:53.892 [MessageBroker-4] DEBUG c.c.controller.WebSocketController:76 - Pushed system metrics to WebSocket subscribers
2025-06-29 10:56:59.556 [MessageBroker-3] DEBUG c.c.controller.WebSocketController:76 - Pushed system metrics to WebSocket subscribers
2025-06-29 10:57:03.892 [MessageBroker-3] DEBUG c.c.controller.WebSocketController:76 - Pushed system metrics to WebSocket subscribers
2025-06-29 10:57:09.003 [MessageBroker-2] DEBUG c.c.controller.WebSocketController:76 - Pushed system metrics to WebSocket subscribers
2025-06-29 10:57:13.892 [MessageBroker-1] DEBUG c.c.controller.WebSocketController:76 - Pushed system metrics to WebSocket subscribers
2025-06-29 10:57:19.067 [MessageBroker-3] DEBUG c.c.controller.WebSocketController:76 - Pushed system metrics to WebSocket subscribers
2025-06-29 10:57:23.893 [MessageBroker-3] DEBUG c.c.controller.WebSocketController:76 - Pushed system metrics to WebSocket subscribers
2025-06-29 10:57:28.949 [MessageBroker-4] DEBUG c.c.controller.WebSocketController:76 - Pushed system metrics to WebSocket subscribers
2025-06-29 10:57:33.893 [MessageBroker-3] DEBUG c.c.controller.WebSocketController:76 - Pushed system metrics to WebSocket subscribers
2025-06-29 10:57:40.546 [MessageBroker-2] DEBUG c.c.controller.WebSocketController:76 - Pushed system metrics to WebSocket subscribers
2025-06-29 10:57:43.895 [MessageBroker-2] DEBUG c.c.controller.WebSocketController:76 - Pushed system metrics to WebSocket subscribers
2025-06-29 10:57:49.026 [MessageBroker-4] DEBUG c.c.controller.WebSocketController:76 - Pushed system metrics to WebSocket subscribers
2025-06-29 10:57:49.771 [SpringApplicationShutdownHook] INFO  o.s.m.s.b.SimpleBrokerMessageHandler:117 - Stopping...
2025-06-29 10:57:49.772 [SpringApplicationShutdownHook] INFO  o.s.m.s.b.SimpleBrokerMessageHandler:117 - BrokerAvailabilityEvent[available=false, SimpleBrokerMessageHandler [org.springframework.messaging.simp.broker.DefaultSubscriptionRegistry@be183d9]]
2025-06-29 10:57:49.773 [SpringApplicationShutdownHook] INFO  o.s.m.s.b.SimpleBrokerMessageHandler:117 - Stopped.
2025-06-29 10:57:50.000 [SpringApplicationShutdownHook] INFO  o.s.o.j.LocalContainerEntityManagerFactoryBean:650 - Closing JPA EntityManagerFactory for persistence unit 'default'
2025-06-29 10:57:50.038 [SpringApplicationShutdownHook] INFO  com.zaxxer.hikari.HikariDataSource:349 - HikariPool-1 - Shutdown initiated...
2025-06-29 10:57:50.199 [SpringApplicationShutdownHook] INFO  com.zaxxer.hikari.HikariDataSource:351 - HikariPool-1 - Shutdown completed.
